{"C:\\Users\\H442163\\Desktop\\asset_health_analyzer_oc_frontend-bugfix-pritam_chart@c5e37e92829\\src\\app\\src\\App.tsx": {"path":"C:\\Users\\H442163\\Desktop\\asset_health_analyzer_oc_frontend-bugfix-pritam_chart@c5e37e92829\\src\\app\\src\\App.tsx","statementMap":{"0":{"start":{"line":12,"column":4},"end":{"line":20,"column":5}}},"fnMap":{"0":{"name":"(anonymous_0)","decl":{"start":{"line":11,"column":2},"end":{"line":11,"column":3}},"loc":{"start":{"line":11,"column":11},"end":{"line":21,"column":3}},"line":11}},"branchMap":{},"s":{"0":0},"f":{"0":0},"b":{}}
,"C:\\Users\\H442163\\Desktop\\asset_health_analyzer_oc_frontend-bugfix-pritam_chart@c5e37e92829\\src\\app\\src\\Store.ts": {"path":"C:\\Users\\H442163\\Desktop\\asset_health_analyzer_oc_frontend-bugfix-pritam_chart@c5e37e92829\\src\\app\\src\\Store.ts","statementMap":{},"fnMap":{},"branchMap":{},"s":{},"f":{},"b":{}}
,"C:\\Users\\H442163\\Desktop\\asset_health_analyzer_oc_frontend-bugfix-pritam_chart@c5e37e92829\\src\\app\\src\\UserManagerConfig.ts": {"path":"C:\\Users\\H442163\\Desktop\\asset_health_analyzer_oc_frontend-bugfix-pritam_chart@c5e37e92829\\src\\app\\src\\UserManagerConfig.ts","statementMap":{"0":{"start":{"line":3,"column":39},"end":{"line":3,"column":89}},"1":{"start":{"line":4,"column":39},"end":{"line":4,"column":80}},"2":{"start":{"line":5,"column":42},"end":{"line":5,"column":48}},"3":{"start":{"line":6,"column":35},"end":{"line":6,"column":74}},"4":{"start":{"line":8,"column":39},"end":{"line":16,"column":1}}},"fnMap":{},"branchMap":{},"s":{"0":0,"1":0,"2":0,"3":0,"4":0},"f":{},"b":{}}
,"C:\\Users\\H442163\\Desktop\\asset_health_analyzer_oc_frontend-bugfix-pritam_chart@c5e37e92829\\src\\app\\src\\react-app-env.d.ts": {"path":"C:\\Users\\H442163\\Desktop\\asset_health_analyzer_oc_frontend-bugfix-pritam_chart@c5e37e92829\\src\\app\\src\\react-app-env.d.ts","statementMap":{},"fnMap":{},"branchMap":{},"s":{},"f":{},"b":{}}
,"C:\\Users\\H442163\\Desktop\\asset_health_analyzer_oc_frontend-bugfix-pritam_chart@c5e37e92829\\src\\app\\src\\reportWebVitals.ts": {"path":"C:\\Users\\H442163\\Desktop\\asset_health_analyzer_oc_frontend-bugfix-pritam_chart@c5e37e92829\\src\\app\\src\\reportWebVitals.ts","statementMap":{"0":{"start":{"line":3,"column":24},"end":{"line":13,"column":1}},"1":{"start":{"line":4,"column":2},"end":{"line":12,"column":3}},"2":{"start":{"line":5,"column":4},"end":{"line":11,"column":7}},"3":{"start":{"line":6,"column":6},"end":{"line":6,"column":26}},"4":{"start":{"line":7,"column":6},"end":{"line":7,"column":26}},"5":{"start":{"line":8,"column":6},"end":{"line":8,"column":26}},"6":{"start":{"line":9,"column":6},"end":{"line":9,"column":26}},"7":{"start":{"line":10,"column":6},"end":{"line":10,"column":27}}},"fnMap":{"0":{"name":"(anonymous_0)","decl":{"start":{"line":3,"column":24},"end":{"line":3,"column":25}},"loc":{"start":{"line":3,"column":57},"end":{"line":13,"column":1}},"line":3},"1":{"name":"(anonymous_1)","decl":{"start":{"line":5,"column":30},"end":{"line":5,"column":31}},"loc":{"start":{"line":5,"column":79},"end":{"line":11,"column":5}},"line":5}},"branchMap":{"0":{"loc":{"start":{"line":4,"column":2},"end":{"line":12,"column":3}},"type":"if","locations":[{"start":{"line":4,"column":2},"end":{"line":12,"column":3}},{"start":{"line":4,"column":2},"end":{"line":12,"column":3}}],"line":4},"1":{"loc":{"start":{"line":4,"column":6},"end":{"line":4,"column":52}},"type":"binary-expr","locations":[{"start":{"line":4,"column":6},"end":{"line":4,"column":17}},{"start":{"line":4,"column":21},"end":{"line":4,"column":52}}],"line":4}},"s":{"0":0,"1":0,"2":0,"3":0,"4":0,"5":0,"6":0,"7":0},"f":{"0":0,"1":0},"b":{"0":[0,0],"1":[0,0]}}
,"C:\\Users\\H442163\\Desktop\\asset_health_analyzer_oc_frontend-bugfix-pritam_chart@c5e37e92829\\src\\app\\src\\components\\CustomRoutes.tsx": {"path":"C:\\Users\\H442163\\Desktop\\asset_health_analyzer_oc_frontend-bugfix-pritam_chart@c5e37e92829\\src\\app\\src\\components\\CustomRoutes.tsx","statementMap":{"0":{"start":{"line":14,"column":43},"end":{"line":21,"column":1}},"1":{"start":{"line":15,"column":2},"end":{"line":20,"column":4}},"2":{"start":{"line":18,"column":6},"end":{"line":18,"column":71}},"3":{"start":{"line":23,"column":42},"end":{"line":28,"column":1}},"4":{"start":{"line":24,"column":2},"end":{"line":27,"column":4}},"5":{"start":{"line":26,"column":18},"end":{"line":26,"column":62}},"6":{"start":{"line":30,"column":45},"end":{"line":47,"column":1}},"7":{"start":{"line":31,"column":18},"end":{"line":31,"column":30}},"8":{"start":{"line":32,"column":24},"end":{"line":34,"column":3}},"9":{"start":{"line":33,"column":4},"end":{"line":33,"column":22}},"10":{"start":{"line":36,"column":2},"end":{"line":46,"column":4}},"11":{"start":{"line":40,"column":8},"end":{"line":43,"column":10}},"12":{"start":{"line":49,"column":44},"end":{"line":71,"column":1}},"13":{"start":{"line":51,"column":21},"end":{"line":51,"column":35}},"14":{"start":{"line":52,"column":28},"end":{"line":52,"column":34}},"15":{"start":{"line":54,"column":4},"end":{"line":69,"column":6}},"16":{"start":{"line":58,"column":10},"end":{"line":66,"column":11}}},"fnMap":{"0":{"name":"(anonymous_0)","decl":{"start":{"line":14,"column":43},"end":{"line":14,"column":44}},"loc":{"start":{"line":15,"column":2},"end":{"line":20,"column":4}},"line":15},"1":{"name":"(anonymous_1)","decl":{"start":{"line":17,"column":12},"end":{"line":17,"column":13}},"loc":{"start":{"line":18,"column":6},"end":{"line":18,"column":71}},"line":18},"2":{"name":"(anonymous_2)","decl":{"start":{"line":23,"column":42},"end":{"line":23,"column":43}},"loc":{"start":{"line":24,"column":2},"end":{"line":27,"column":4}},"line":24},"3":{"name":"(anonymous_3)","decl":{"start":{"line":26,"column":12},"end":{"line":26,"column":13}},"loc":{"start":{"line":26,"column":18},"end":{"line":26,"column":62}},"line":26},"4":{"name":"(anonymous_4)","decl":{"start":{"line":30,"column":45},"end":{"line":30,"column":46}},"loc":{"start":{"line":30,"column":72},"end":{"line":47,"column":1}},"line":30},"5":{"name":"(anonymous_5)","decl":{"start":{"line":32,"column":24},"end":{"line":32,"column":25}},"loc":{"start":{"line":32,"column":30},"end":{"line":34,"column":3}},"line":32},"6":{"name":"(anonymous_6)","decl":{"start":{"line":39,"column":14},"end":{"line":39,"column":15}},"loc":{"start":{"line":40,"column":8},"end":{"line":43,"column":10}},"line":40},"7":{"name":"(anonymous_7)","decl":{"start":{"line":50,"column":2},"end":{"line":50,"column":3}},"loc":{"start":{"line":50,"column":29},"end":{"line":70,"column":3}},"line":50},"8":{"name":"(anonymous_8)","decl":{"start":{"line":57,"column":16},"end":{"line":57,"column":17}},"loc":{"start":{"line":58,"column":10},"end":{"line":66,"column":11}},"line":58}},"branchMap":{"0":{"loc":{"start":{"line":58,"column":10},"end":{"line":66,"column":11}},"type":"cond-expr","locations":[{"start":{"line":59,"column":12},"end":{"line":59,"column":20}},{"start":{"line":61,"column":12},"end":{"line":65,"column":14}}],"line":58}},"s":{"0":0,"1":0,"2":0,"3":0,"4":0,"5":0,"6":0,"7":0,"8":0,"9":0,"10":0,"11":0,"12":0,"13":0,"14":0,"15":0,"16":0},"f":{"0":0,"1":0,"2":0,"3":0,"4":0,"5":0,"6":0,"7":0,"8":0},"b":{"0":[0,0]}}
,"C:\\Users\\H442163\\Desktop\\asset_health_analyzer_oc_frontend-bugfix-pritam_chart@c5e37e92829\\src\\app\\src\\components\\Data.ts": {"path":"C:\\Users\\H442163\\Desktop\\asset_health_analyzer_oc_frontend-bugfix-pritam_chart@c5e37e92829\\src\\app\\src\\components\\Data.ts","statementMap":{"0":{"start":{"line":2,"column":13},"end":{"line":2,"column":32}},"1":{"start":{"line":5,"column":19},"end":{"line":5,"column":21}},"2":{"start":{"line":6,"column":11},"end":{"line":6,"column":12}},"3":{"start":{"line":8,"column":2},"end":{"line":14,"column":5}},"4":{"start":{"line":8,"column":13},"end":{"line":8,"column":14}},"5":{"start":{"line":9,"column":18},"end":{"line":9,"column":47}},"6":{"start":{"line":10,"column":6},"end":{"line":10,"column":22}},"7":{"start":{"line":11,"column":6},"end":{"line":11,"column":76}},"8":{"start":{"line":12,"column":6},"end":{"line":12,"column":36}},"9":{"start":{"line":13,"column":6},"end":{"line":13,"column":29}},"10":{"start":{"line":16,"column":2},"end":{"line":16,"column":20}},"11":{"start":{"line":21,"column":2},"end":{"line":21,"column":22}},"12":{"start":{"line":22,"column":2},"end":{"line":22,"column":33}},"13":{"start":{"line":22,"column":23},"end":{"line":22,"column":33}},"14":{"start":{"line":24,"column":16},"end":{"line":24,"column":18}},"15":{"start":{"line":26,"column":2},"end":{"line":48,"column":5}},"16":{"start":{"line":26,"column":13},"end":{"line":26,"column":14}},"17":{"start":{"line":29,"column":22},"end":{"line":29,"column":112}},"18":{"start":{"line":31,"column":26},"end":{"line":37,"column":64}},"19":{"start":{"line":33,"column":23},"end":{"line":33,"column":114}},"20":{"start":{"line":34,"column":24},"end":{"line":34,"column":115}},"21":{"start":{"line":35,"column":10},"end":{"line":35,"column":130}},"22":{"start":{"line":37,"column":35},"end":{"line":37,"column":62}},"23":{"start":{"line":39,"column":6},"end":{"line":42,"column":9}},"24":{"start":{"line":39,"column":52},"end":{"line":42,"column":7}},"25":{"start":{"line":43,"column":6},"end":{"line":45,"column":9}},"26":{"start":{"line":44,"column":8},"end":{"line":44,"column":29}},"27":{"start":{"line":47,"column":6},"end":{"line":47,"column":25}},"28":{"start":{"line":49,"column":2},"end":{"line":49,"column":17}},"29":{"start":{"line":53,"column":16},"end":{"line":53,"column":18}},"30":{"start":{"line":55,"column":2},"end":{"line":61,"column":5}},"31":{"start":{"line":55,"column":13},"end":{"line":55,"column":14}},"32":{"start":{"line":58,"column":6},"end":{"line":58,"column":70}},"33":{"start":{"line":58,"column":41},"end":{"line":58,"column":68}},"34":{"start":{"line":60,"column":6},"end":{"line":60,"column":25}},"35":{"start":{"line":62,"column":2},"end":{"line":62,"column":17}},"36":{"start":{"line":66,"column":16},"end":{"line":66,"column":18}},"37":{"start":{"line":68,"column":2},"end":{"line":75,"column":5}},"38":{"start":{"line":68,"column":13},"end":{"line":68,"column":14}},"39":{"start":{"line":70,"column":6},"end":{"line":72,"column":8}},"40":{"start":{"line":71,"column":8},"end":{"line":71,"column":60}},"41":{"start":{"line":74,"column":6},"end":{"line":74,"column":25}},"42":{"start":{"line":76,"column":2},"end":{"line":76,"column":17}},"43":{"start":{"line":80,"column":2},"end":{"line":80,"column":33}},"44":{"start":{"line":80,"column":23},"end":{"line":80,"column":33}},"45":{"start":{"line":82,"column":16},"end":{"line":82,"column":18}},"46":{"start":{"line":84,"column":2},"end":{"line":107,"column":5}},"47":{"start":{"line":84,"column":13},"end":{"line":84,"column":14}},"48":{"start":{"line":85,"column":22},"end":{"line":85,"column":24}},"49":{"start":{"line":87,"column":6},"end":{"line":105,"column":7}},"50":{"start":{"line":89,"column":24},"end":{"line":89,"column":114}},"51":{"start":{"line":91,"column":26},"end":{"line":96,"column":47}},"52":{"start":{"line":93,"column":23},"end":{"line":93,"column":114}},"53":{"start":{"line":94,"column":24},"end":{"line":94,"column":115}},"54":{"start":{"line":95,"column":10},"end":{"line":95,"column":106}},"55":{"start":{"line":98,"column":8},"end":{"line":101,"column":11}},"56":{"start":{"line":98,"column":77},"end":{"line":101,"column":9}},"57":{"start":{"line":102,"column":8},"end":{"line":104,"column":11}},"58":{"start":{"line":103,"column":10},"end":{"line":103,"column":31}},"59":{"start":{"line":106,"column":6},"end":{"line":106,"column":25}},"60":{"start":{"line":108,"column":2},"end":{"line":108,"column":17}}},"fnMap":{"0":{"name":"changeData","decl":{"start":{"line":4,"column":16},"end":{"line":4,"column":26}},"loc":{"start":{"line":4,"column":48},"end":{"line":17,"column":1}},"line":4},"1":{"name":"fetchFaultyData","decl":{"start":{"line":19,"column":16},"end":{"line":19,"column":31}},"loc":{"start":{"line":19,"column":71},"end":{"line":50,"column":1}},"line":19},"2":{"name":"(anonymous_2)","decl":{"start":{"line":32,"column":19},"end":{"line":32,"column":20}},"loc":{"start":{"line":32,"column":34},"end":{"line":36,"column":9}},"line":32},"3":{"name":"(anonymous_3)","decl":{"start":{"line":37,"column":20},"end":{"line":37,"column":21}},"loc":{"start":{"line":37,"column":35},"end":{"line":37,"column":62}},"line":37},"4":{"name":"(anonymous_4)","decl":{"start":{"line":39,"column":25},"end":{"line":39,"column":26}},"loc":{"start":{"line":39,"column":52},"end":{"line":42,"column":7}},"line":39},"5":{"name":"(anonymous_5)","decl":{"start":{"line":43,"column":25},"end":{"line":43,"column":26}},"loc":{"start":{"line":43,"column":40},"end":{"line":45,"column":7}},"line":43},"6":{"name":"handleFaults","decl":{"start":{"line":52,"column":16},"end":{"line":52,"column":28}},"loc":{"start":{"line":52,"column":56},"end":{"line":63,"column":1}},"line":52},"7":{"name":"(anonymous_7)","decl":{"start":{"line":58,"column":26},"end":{"line":58,"column":27}},"loc":{"start":{"line":58,"column":41},"end":{"line":58,"column":68}},"line":58},"8":{"name":"handleTimestamps","decl":{"start":{"line":65,"column":16},"end":{"line":65,"column":32}},"loc":{"start":{"line":65,"column":60},"end":{"line":77,"column":1}},"line":65},"9":{"name":"(anonymous_9)","decl":{"start":{"line":70,"column":26},"end":{"line":70,"column":27}},"loc":{"start":{"line":71,"column":8},"end":{"line":71,"column":60}},"line":71},"10":{"name":"fetchFaultyPredData","decl":{"start":{"line":79,"column":16},"end":{"line":79,"column":35}},"loc":{"start":{"line":79,"column":75},"end":{"line":109,"column":1}},"line":79},"11":{"name":"(anonymous_11)","decl":{"start":{"line":92,"column":43},"end":{"line":92,"column":44}},"loc":{"start":{"line":92,"column":58},"end":{"line":96,"column":9}},"line":92},"12":{"name":"(anonymous_12)","decl":{"start":{"line":98,"column":50},"end":{"line":98,"column":51}},"loc":{"start":{"line":98,"column":77},"end":{"line":101,"column":9}},"line":98},"13":{"name":"(anonymous_13)","decl":{"start":{"line":102,"column":27},"end":{"line":102,"column":28}},"loc":{"start":{"line":102,"column":42},"end":{"line":104,"column":9}},"line":102}},"branchMap":{"0":{"loc":{"start":{"line":22,"column":2},"end":{"line":22,"column":33}},"type":"if","locations":[{"start":{"line":22,"column":2},"end":{"line":22,"column":33}},{"start":{"line":22,"column":2},"end":{"line":22,"column":33}}],"line":22},"1":{"loc":{"start":{"line":29,"column":22},"end":{"line":29,"column":112}},"type":"cond-expr","locations":[{"start":{"line":29,"column":100},"end":{"line":29,"column":105}},{"start":{"line":29,"column":108},"end":{"line":29,"column":112}}],"line":29},"2":{"loc":{"start":{"line":29,"column":24},"end":{"line":29,"column":96}},"type":"binary-expr","locations":[{"start":{"line":29,"column":24},"end":{"line":29,"column":58}},{"start":{"line":29,"column":62},"end":{"line":29,"column":96}}],"line":29},"3":{"loc":{"start":{"line":31,"column":26},"end":{"line":37,"column":64}},"type":"cond-expr","locations":[{"start":{"line":32,"column":8},"end":{"line":36,"column":10}},{"start":{"line":37,"column":8},"end":{"line":37,"column":64}}],"line":31},"4":{"loc":{"start":{"line":33,"column":23},"end":{"line":33,"column":114}},"type":"cond-expr","locations":[{"start":{"line":33,"column":63},"end":{"line":33,"column":86}},{"start":{"line":33,"column":89},"end":{"line":33,"column":114}}],"line":33},"5":{"loc":{"start":{"line":34,"column":24},"end":{"line":34,"column":115}},"type":"cond-expr","locations":[{"start":{"line":34,"column":64},"end":{"line":34,"column":87}},{"start":{"line":34,"column":90},"end":{"line":34,"column":115}}],"line":34},"6":{"loc":{"start":{"line":35,"column":17},"end":{"line":35,"column":129}},"type":"cond-expr","locations":[{"start":{"line":35,"column":124},"end":{"line":35,"column":125}},{"start":{"line":35,"column":128},"end":{"line":35,"column":129}}],"line":35},"7":{"loc":{"start":{"line":35,"column":19},"end":{"line":35,"column":120}},"type":"binary-expr","locations":[{"start":{"line":35,"column":19},"end":{"line":35,"column":67}},{"start":{"line":35,"column":71},"end":{"line":35,"column":120}}],"line":35},"8":{"loc":{"start":{"line":80,"column":2},"end":{"line":80,"column":33}},"type":"if","locations":[{"start":{"line":80,"column":2},"end":{"line":80,"column":33}},{"start":{"line":80,"column":2},"end":{"line":80,"column":33}}],"line":80},"9":{"loc":{"start":{"line":87,"column":6},"end":{"line":105,"column":7}},"type":"if","locations":[{"start":{"line":87,"column":6},"end":{"line":105,"column":7}},{"start":{"line":87,"column":6},"end":{"line":105,"column":7}}],"line":87},"10":{"loc":{"start":{"line":89,"column":24},"end":{"line":89,"column":114}},"type":"cond-expr","locations":[{"start":{"line":89,"column":102},"end":{"line":89,"column":107}},{"start":{"line":89,"column":110},"end":{"line":89,"column":114}}],"line":89},"11":{"loc":{"start":{"line":89,"column":26},"end":{"line":89,"column":98}},"type":"binary-expr","locations":[{"start":{"line":89,"column":26},"end":{"line":89,"column":60}},{"start":{"line":89,"column":64},"end":{"line":89,"column":98}}],"line":89},"12":{"loc":{"start":{"line":91,"column":26},"end":{"line":96,"column":47}},"type":"cond-expr","locations":[{"start":{"line":92,"column":8},"end":{"line":96,"column":10}},{"start":{"line":96,"column":13},"end":{"line":96,"column":47}}],"line":91},"13":{"loc":{"start":{"line":93,"column":23},"end":{"line":93,"column":114}},"type":"cond-expr","locations":[{"start":{"line":93,"column":63},"end":{"line":93,"column":86}},{"start":{"line":93,"column":89},"end":{"line":93,"column":114}}],"line":93},"14":{"loc":{"start":{"line":94,"column":24},"end":{"line":94,"column":115}},"type":"cond-expr","locations":[{"start":{"line":94,"column":64},"end":{"line":94,"column":87}},{"start":{"line":94,"column":90},"end":{"line":94,"column":115}}],"line":94},"15":{"loc":{"start":{"line":95,"column":17},"end":{"line":95,"column":105}},"type":"cond-expr","locations":[{"start":{"line":95,"column":100},"end":{"line":95,"column":101}},{"start":{"line":95,"column":104},"end":{"line":95,"column":105}}],"line":95},"16":{"loc":{"start":{"line":95,"column":19},"end":{"line":95,"column":96}},"type":"binary-expr","locations":[{"start":{"line":95,"column":19},"end":{"line":95,"column":55}},{"start":{"line":95,"column":59},"end":{"line":95,"column":96}}],"line":95}},"s":{"0":1,"1":2,"2":2,"3":2,"4":2,"5":6,"6":6,"7":6,"8":6,"9":6,"10":2,"11":1,"12":1,"13":0,"14":1,"15":1,"16":1,"17":2,"18":2,"19":0,"20":0,"21":0,"22":6,"23":2,"24":6,"25":2,"26":6,"27":2,"28":1,"29":1,"30":1,"31":1,"32":2,"33":6,"34":2,"35":1,"36":2,"37":2,"38":2,"39":4,"40":12,"41":4,"42":2,"43":3,"44":1,"45":2,"46":2,"47":2,"48":2,"49":2,"50":1,"51":1,"52":0,"53":0,"54":0,"55":1,"56":4,"57":1,"58":4,"59":2,"60":2},"f":{"0":2,"1":1,"2":0,"3":6,"4":6,"5":6,"6":1,"7":6,"8":2,"9":12,"10":3,"11":0,"12":4,"13":4},"b":{"0":[0,1],"1":[2,0],"2":[2,2],"3":[0,2],"4":[0,0],"5":[0,0],"6":[0,0],"7":[0,0],"8":[1,2],"9":[1,1],"10":[1,0],"11":[1,1],"12":[0,1],"13":[0,0],"14":[0,0],"15":[0,0],"16":[0,0]},"_coverageSchema":"1a1c01bbd47fc00a2c39e90264f33305004495a9","hash":"aec1cf0695e918c87c203976c5dec0bfe7e75ca3"}
,"C:\\Users\\H442163\\Desktop\\asset_health_analyzer_oc_frontend-bugfix-pritam_chart@c5e37e92829\\src\\app\\src\\components\\Footer.tsx": {"path":"C:\\Users\\H442163\\Desktop\\asset_health_analyzer_oc_frontend-bugfix-pritam_chart@c5e37e92829\\src\\app\\src\\components\\Footer.tsx","statementMap":{"0":{"start":{"line":3,"column":18},"end":{"line":10,"column":1}},"1":{"start":{"line":4,"column":1},"end":{"line":9,"column":2}}},"fnMap":{"0":{"name":"(anonymous_0)","decl":{"start":{"line":3,"column":18},"end":{"line":3,"column":19}},"loc":{"start":{"line":3,"column":24},"end":{"line":10,"column":1}},"line":3}},"branchMap":{},"s":{"0":0,"1":0},"f":{"0":0},"b":{}}
,"C:\\Users\\H442163\\Desktop\\asset_health_analyzer_oc_frontend-bugfix-pritam_chart@c5e37e92829\\src\\app\\src\\components\\Header.tsx": {"path":"C:\\Users\\H442163\\Desktop\\asset_health_analyzer_oc_frontend-bugfix-pritam_chart@c5e37e92829\\src\\app\\src\\components\\Header.tsx","statementMap":{"0":{"start":{"line":9,"column":25},"end":{"line":49,"column":2}},"1":{"start":{"line":10,"column":25},"end":{"line":10,"column":31}},"2":{"start":{"line":11,"column":18},"end":{"line":11,"column":30}},"3":{"start":{"line":12,"column":21},"end":{"line":12,"column":46}},"4":{"start":{"line":13,"column":1},"end":{"line":14,"column":34}},"5":{"start":{"line":13,"column":27},"end":{"line":13,"column":54}},"6":{"start":{"line":14,"column":6},"end":{"line":14,"column":34}},"7":{"start":{"line":15,"column":18},"end":{"line":15,"column":32}},"8":{"start":{"line":16,"column":1},"end":{"line":48,"column":2}},"9":{"start":{"line":23,"column":21},"end":{"line":23,"column":77}},"10":{"start":{"line":24,"column":31},"end":{"line":24,"column":72}},"11":{"start":{"line":25,"column":20},"end":{"line":25,"column":29}},"12":{"start":{"line":26,"column":21},"end":{"line":26,"column":30}},"13":{"start":{"line":33,"column":28},"end":{"line":33,"column":77}},"14":{"start":{"line":37,"column":36},"end":{"line":37,"column":59}},"15":{"start":{"line":41,"column":8},"end":{"line":41,"column":29}},"16":{"start":{"line":42,"column":8},"end":{"line":42,"column":38}}},"fnMap":{"0":{"name":"(anonymous_0)","decl":{"start":{"line":9,"column":34},"end":{"line":9,"column":35}},"loc":{"start":{"line":9,"column":40},"end":{"line":49,"column":1}},"line":9},"1":{"name":"(anonymous_1)","decl":{"start":{"line":23,"column":15},"end":{"line":23,"column":16}},"loc":{"start":{"line":23,"column":21},"end":{"line":23,"column":77}},"line":23},"2":{"name":"(anonymous_2)","decl":{"start":{"line":24,"column":21},"end":{"line":24,"column":22}},"loc":{"start":{"line":24,"column":31},"end":{"line":24,"column":72}},"line":24},"3":{"name":"(anonymous_3)","decl":{"start":{"line":25,"column":14},"end":{"line":25,"column":15}},"loc":{"start":{"line":25,"column":20},"end":{"line":25,"column":29}},"line":25},"4":{"name":"(anonymous_4)","decl":{"start":{"line":26,"column":15},"end":{"line":26,"column":16}},"loc":{"start":{"line":26,"column":21},"end":{"line":26,"column":30}},"line":26},"5":{"name":"(anonymous_5)","decl":{"start":{"line":33,"column":22},"end":{"line":33,"column":23}},"loc":{"start":{"line":33,"column":28},"end":{"line":33,"column":77}},"line":33},"6":{"name":"(anonymous_6)","decl":{"start":{"line":37,"column":31},"end":{"line":37,"column":32}},"loc":{"start":{"line":37,"column":36},"end":{"line":37,"column":59}},"line":37},"7":{"name":"(anonymous_7)","decl":{"start":{"line":40,"column":31},"end":{"line":40,"column":32}},"loc":{"start":{"line":40,"column":37},"end":{"line":43,"column":5}},"line":40}},"branchMap":{"0":{"loc":{"start":{"line":13,"column":1},"end":{"line":14,"column":34}},"type":"if","locations":[{"start":{"line":13,"column":1},"end":{"line":14,"column":34}},{"start":{"line":13,"column":1},"end":{"line":14,"column":34}}],"line":13},"1":{"loc":{"start":{"line":28,"column":25},"end":{"line":28,"column":55}},"type":"binary-expr","locations":[{"start":{"line":28,"column":25},"end":{"line":28,"column":49}},{"start":{"line":28,"column":53},"end":{"line":28,"column":55}}],"line":28}},"s":{"0":0,"1":0,"2":0,"3":0,"4":0,"5":0,"6":0,"7":0,"8":0,"9":0,"10":0,"11":0,"12":0,"13":0,"14":0,"15":0,"16":0},"f":{"0":0,"1":0,"2":0,"3":0,"4":0,"5":0,"6":0,"7":0},"b":{"0":[0,0],"1":[0,0]}}
,"C:\\Users\\H442163\\Desktop\\asset_health_analyzer_oc_frontend-bugfix-pritam_chart@c5e37e92829\\src\\app\\src\\components\\SideBar.tsx": {"path":"C:\\Users\\H442163\\Desktop\\asset_health_analyzer_oc_frontend-bugfix-pritam_chart@c5e37e92829\\src\\app\\src\\components\\SideBar.tsx","statementMap":{"0":{"start":{"line":10,"column":16},"end":{"line":10,"column":37}},"1":{"start":{"line":12,"column":36},"end":{"line":44,"column":2}},"2":{"start":{"line":13,"column":24},"end":{"line":13,"column":30}},"3":{"start":{"line":15,"column":17},"end":{"line":15,"column":29}},"4":{"start":{"line":16,"column":21},"end":{"line":16,"column":34}},"5":{"start":{"line":17,"column":14},"end":{"line":17,"column":36}},"6":{"start":{"line":19,"column":0},"end":{"line":43,"column":1}},"7":{"start":{"line":23,"column":8},"end":{"line":38,"column":9}},"8":{"start":{"line":24,"column":33},"end":{"line":24,"column":42}},"9":{"start":{"line":25,"column":29},"end":{"line":25,"column":52}},"10":{"start":{"line":26,"column":12},"end":{"line":34,"column":13}},"11":{"start":{"line":30,"column":35},"end":{"line":30,"column":45}},"12":{"start":{"line":37,"column":12},"end":{"line":37,"column":26}}},"fnMap":{"0":{"name":"(anonymous_0)","decl":{"start":{"line":12,"column":45},"end":{"line":12,"column":46}},"loc":{"start":{"line":12,"column":56},"end":{"line":44,"column":1}},"line":12},"1":{"name":"(anonymous_1)","decl":{"start":{"line":22,"column":15},"end":{"line":22,"column":16}},"loc":{"start":{"line":22,"column":99},"end":{"line":39,"column":5}},"line":22},"2":{"name":"(anonymous_2)","decl":{"start":{"line":30,"column":29},"end":{"line":30,"column":30}},"loc":{"start":{"line":30,"column":35},"end":{"line":30,"column":45}},"line":30}},"branchMap":{"0":{"loc":{"start":{"line":23,"column":8},"end":{"line":38,"column":9}},"type":"if","locations":[{"start":{"line":23,"column":8},"end":{"line":38,"column":9}},{"start":{"line":23,"column":8},"end":{"line":38,"column":9}}],"line":23}},"s":{"0":0,"1":0,"2":0,"3":0,"4":0,"5":0,"6":0,"7":0,"8":0,"9":0,"10":0,"11":0,"12":0},"f":{"0":0,"1":0,"2":0},"b":{"0":[0,0]}}
,"C:\\Users\\H442163\\Desktop\\asset_health_analyzer_oc_frontend-bugfix-pritam_chart@c5e37e92829\\src\\app\\src\\components\\chartComp.tsx": {"path":"C:\\Users\\H442163\\Desktop\\asset_health_analyzer_oc_frontend-bugfix-pritam_chart@c5e37e92829\\src\\app\\src\\components\\chartComp.tsx","statementMap":{"0":{"start":{"line":15,"column":21},"end":{"line":22,"column":1}},"1":{"start":{"line":27,"column":21},"end":{"line":27,"column":35}},"2":{"start":{"line":28,"column":18},"end":{"line":28,"column":36}},"3":{"start":{"line":29,"column":17},"end":{"line":29,"column":36}},"4":{"start":{"line":30,"column":17},"end":{"line":30,"column":35}},"5":{"start":{"line":32,"column":19},"end":{"line":32,"column":34}},"6":{"start":{"line":33,"column":26},"end":{"line":33,"column":40}},"7":{"start":{"line":34,"column":32},"end":{"line":34,"column":52}},"8":{"start":{"line":35,"column":28},"end":{"line":35,"column":43}},"9":{"start":{"line":36,"column":32},"end":{"line":36,"column":47}},"10":{"start":{"line":37,"column":40},"end":{"line":37,"column":55}},"11":{"start":{"line":38,"column":38},"end":{"line":38,"column":52}},"12":{"start":{"line":39,"column":36},"end":{"line":39,"column":51}},"13":{"start":{"line":40,"column":32},"end":{"line":40,"column":44}},"14":{"start":{"line":41,"column":44},"end":{"line":41,"column":58}},"15":{"start":{"line":42,"column":40},"end":{"line":42,"column":45}},"16":{"start":{"line":43,"column":32},"end":{"line":43,"column":52}},"17":{"start":{"line":44,"column":30},"end":{"line":44,"column":45}},"18":{"start":{"line":45,"column":30},"end":{"line":45,"column":45}},"19":{"start":{"line":49,"column":8},"end":{"line":49,"column":25}},"20":{"start":{"line":50,"column":22},"end":{"line":50,"column":36}},"21":{"start":{"line":51,"column":20},"end":{"line":51,"column":59}},"22":{"start":{"line":53,"column":22},"end":{"line":53,"column":60}},"23":{"start":{"line":54,"column":8},"end":{"line":54,"column":29}},"24":{"start":{"line":56,"column":8},"end":{"line":61,"column":9}},"25":{"start":{"line":58,"column":12},"end":{"line":60,"column":15}},"26":{"start":{"line":59,"column":16},"end":{"line":59,"column":99}},"27":{"start":{"line":63,"column":24},"end":{"line":63,"column":48}},"28":{"start":{"line":64,"column":24},"end":{"line":64,"column":58}},"29":{"start":{"line":65,"column":28},"end":{"line":65,"column":66}},"30":{"start":{"line":67,"column":8},"end":{"line":67,"column":33}},"31":{"start":{"line":68,"column":8},"end":{"line":68,"column":35}},"32":{"start":{"line":69,"column":8},"end":{"line":69,"column":43}},"33":{"start":{"line":71,"column":8},"end":{"line":71,"column":26}},"34":{"start":{"line":72,"column":8},"end":{"line":72,"column":28}},"35":{"start":{"line":73,"column":8},"end":{"line":73,"column":31}},"36":{"start":{"line":74,"column":8},"end":{"line":74,"column":31}},"37":{"start":{"line":80,"column":22},"end":{"line":80,"column":24}},"38":{"start":{"line":82,"column":8},"end":{"line":95,"column":9}},"39":{"start":{"line":85,"column":12},"end":{"line":89,"column":13}},"40":{"start":{"line":86,"column":16},"end":{"line":86,"column":91}},"41":{"start":{"line":86,"column":50},"end":{"line":86,"column":89}},"42":{"start":{"line":88,"column":16},"end":{"line":88,"column":59}},"43":{"start":{"line":91,"column":12},"end":{"line":91,"column":42}},"44":{"start":{"line":93,"column":12},"end":{"line":93,"column":37}},"45":{"start":{"line":97,"column":8},"end":{"line":97,"column":23}},"46":{"start":{"line":103,"column":8},"end":{"line":140,"column":13}},"47":{"start":{"line":104,"column":12},"end":{"line":114,"column":14}},"48":{"start":{"line":116,"column":35},"end":{"line":116,"column":97}},"49":{"start":{"line":117,"column":28},"end":{"line":117,"column":62}},"50":{"start":{"line":118,"column":28},"end":{"line":118,"column":75}},"51":{"start":{"line":119,"column":33},"end":{"line":119,"column":131}},"52":{"start":{"line":120,"column":31},"end":{"line":128,"column":18}},"53":{"start":{"line":122,"column":33},"end":{"line":122,"column":132}},"54":{"start":{"line":123,"column":34},"end":{"line":123,"column":133}},"55":{"start":{"line":124,"column":20},"end":{"line":124,"column":86}},"56":{"start":{"line":127,"column":20},"end":{"line":127,"column":63}},"57":{"start":{"line":130,"column":34},"end":{"line":130,"column":102}},"58":{"start":{"line":131,"column":32},"end":{"line":131,"column":149}},"59":{"start":{"line":133,"column":16},"end":{"line":139,"column":18}},"60":{"start":{"line":145,"column":8},"end":{"line":184,"column":13}},"61":{"start":{"line":146,"column":12},"end":{"line":146,"column":27}},"62":{"start":{"line":148,"column":32},"end":{"line":148,"column":130}},"63":{"start":{"line":149,"column":32},"end":{"line":155,"column":31}},"64":{"start":{"line":151,"column":33},"end":{"line":151,"column":132}},"65":{"start":{"line":152,"column":34},"end":{"line":152,"column":133}},"66":{"start":{"line":153,"column":20},"end":{"line":153,"column":70}},"67":{"start":{"line":157,"column":35},"end":{"line":157,"column":97}},"68":{"start":{"line":158,"column":32},"end":{"line":158,"column":77}},"69":{"start":{"line":158,"column":69},"end":{"line":158,"column":72}},"70":{"start":{"line":159,"column":34},"end":{"line":159,"column":99}},"71":{"start":{"line":160,"column":32},"end":{"line":160,"column":62}},"72":{"start":{"line":161,"column":29},"end":{"line":161,"column":69}},"73":{"start":{"line":161,"column":64},"end":{"line":161,"column":67}},"74":{"start":{"line":162,"column":29},"end":{"line":162,"column":69}},"75":{"start":{"line":162,"column":64},"end":{"line":162,"column":67}},"76":{"start":{"line":164,"column":16},"end":{"line":183,"column":18}},"77":{"start":{"line":189,"column":8},"end":{"line":195,"column":14}},"78":{"start":{"line":190,"column":12},"end":{"line":195,"column":14}},"79":{"start":{"line":200,"column":8},"end":{"line":253,"column":13}},"80":{"start":{"line":201,"column":12},"end":{"line":207,"column":14}},"81":{"start":{"line":208,"column":13},"end":{"line":253,"column":13}},"82":{"start":{"line":209,"column":12},"end":{"line":218,"column":14}},"83":{"start":{"line":220,"column":26},"end":{"line":220,"column":51}},"84":{"start":{"line":222,"column":12},"end":{"line":252,"column":18}},"85":{"start":{"line":227,"column":61},"end":{"line":227,"column":83}},"86":{"start":{"line":247,"column":40},"end":{"line":247,"column":57}},"87":{"start":{"line":257,"column":8},"end":{"line":260,"column":9}},"88":{"start":{"line":259,"column":12},"end":{"line":259,"column":99}},"89":{"start":{"line":265,"column":8},"end":{"line":272,"column":14}},"90":{"start":{"line":266,"column":12},"end":{"line":272,"column":14}},"91":{"start":{"line":269,"column":61},"end":{"line":269,"column":81}},"92":{"start":{"line":276,"column":8},"end":{"line":276,"column":37}},"93":{"start":{"line":280,"column":8},"end":{"line":280,"column":114}},"94":{"start":{"line":280,"column":89},"end":{"line":280,"column":110}},"95":{"start":{"line":283,"column":4},"end":{"line":327,"column":10}},"96":{"start":{"line":284,"column":8},"end":{"line":286,"column":10}},"97":{"start":{"line":287,"column":9},"end":{"line":327,"column":10}},"98":{"start":{"line":288,"column":12},"end":{"line":294,"column":14}},"99":{"start":{"line":297,"column":8},"end":{"line":327,"column":10}},"100":{"start":{"line":300,"column":57},"end":{"line":300,"column":72}},"101":{"start":{"line":303,"column":139},"end":{"line":303,"column":161}},"102":{"start":{"line":305,"column":47},"end":{"line":305,"column":58}},"103":{"start":{"line":323,"column":85},"end":{"line":323,"column":99}}},"fnMap":{"0":{"name":"ChartComp","decl":{"start":{"line":24,"column":24},"end":{"line":24,"column":33}},"loc":{"start":{"line":24,"column":36},"end":{"line":328,"column":1}},"line":24},"1":{"name":"fetchData","decl":{"start":{"line":47,"column":19},"end":{"line":47,"column":28}},"loc":{"start":{"line":47,"column":31},"end":{"line":76,"column":5}},"line":47},"2":{"name":"(anonymous_2)","decl":{"start":{"line":58,"column":41},"end":{"line":58,"column":42}},"loc":{"start":{"line":58,"column":61},"end":{"line":60,"column":13}},"line":58},"3":{"name":"handleAPI","decl":{"start":{"line":78,"column":19},"end":{"line":78,"column":28}},"loc":{"start":{"line":78,"column":42},"end":{"line":99,"column":5}},"line":78},"4":{"name":"(anonymous_4)","decl":{"start":{"line":86,"column":35},"end":{"line":86,"column":36}},"loc":{"start":{"line":86,"column":50},"end":{"line":86,"column":89}},"line":86},"5":{"name":"showChart","decl":{"start":{"line":101,"column":13},"end":{"line":101,"column":22}},"loc":{"start":{"line":101,"column":46},"end":{"line":141,"column":5}},"line":101},"6":{"name":"(anonymous_6)","decl":{"start":{"line":121,"column":25},"end":{"line":121,"column":26}},"loc":{"start":{"line":121,"column":40},"end":{"line":125,"column":17}},"line":121},"7":{"name":"(anonymous_7)","decl":{"start":{"line":126,"column":35},"end":{"line":126,"column":36}},"loc":{"start":{"line":126,"column":50},"end":{"line":128,"column":17}},"line":126},"8":{"name":"showPie","decl":{"start":{"line":143,"column":13},"end":{"line":143,"column":20}},"loc":{"start":{"line":143,"column":44},"end":{"line":185,"column":5}},"line":143},"9":{"name":"(anonymous_9)","decl":{"start":{"line":150,"column":25},"end":{"line":150,"column":26}},"loc":{"start":{"line":150,"column":40},"end":{"line":154,"column":17}},"line":150},"10":{"name":"(anonymous_10)","decl":{"start":{"line":158,"column":49},"end":{"line":158,"column":50}},"loc":{"start":{"line":158,"column":69},"end":{"line":158,"column":72}},"line":158},"11":{"name":"(anonymous_11)","decl":{"start":{"line":161,"column":50},"end":{"line":161,"column":51}},"loc":{"start":{"line":161,"column":64},"end":{"line":161,"column":67}},"line":161},"12":{"name":"(anonymous_12)","decl":{"start":{"line":162,"column":50},"end":{"line":162,"column":51}},"loc":{"start":{"line":162,"column":64},"end":{"line":162,"column":67}},"line":162},"13":{"name":"toggleLoader","decl":{"start":{"line":187,"column":13},"end":{"line":187,"column":25}},"loc":{"start":{"line":187,"column":28},"end":{"line":196,"column":5}},"line":187},"14":{"name":"toggleChartContent","decl":{"start":{"line":198,"column":13},"end":{"line":198,"column":31}},"loc":{"start":{"line":198,"column":34},"end":{"line":254,"column":5}},"line":198},"15":{"name":"(anonymous_15)","decl":{"start":{"line":227,"column":34},"end":{"line":227,"column":35}},"loc":{"start":{"line":227,"column":61},"end":{"line":227,"column":83}},"line":227},"16":{"name":"(anonymous_16)","decl":{"start":{"line":246,"column":46},"end":{"line":246,"column":47}},"loc":{"start":{"line":246,"column":77},"end":{"line":248,"column":37}},"line":246},"17":{"name":"openModal","decl":{"start":{"line":256,"column":13},"end":{"line":256,"column":22}},"loc":{"start":{"line":256,"column":24},"end":{"line":261,"column":5}},"line":256},"18":{"name":"togglePieContent","decl":{"start":{"line":263,"column":13},"end":{"line":263,"column":29}},"loc":{"start":{"line":263,"column":32},"end":{"line":273,"column":5}},"line":263},"19":{"name":"(anonymous_19)","decl":{"start":{"line":269,"column":34},"end":{"line":269,"column":35}},"loc":{"start":{"line":269,"column":61},"end":{"line":269,"column":81}},"line":269},"20":{"name":"updateDate","decl":{"start":{"line":275,"column":19},"end":{"line":275,"column":29}},"loc":{"start":{"line":275,"column":46},"end":{"line":277,"column":5}},"line":275},"21":{"name":"showRadio","decl":{"start":{"line":279,"column":13},"end":{"line":279,"column":22}},"loc":{"start":{"line":279,"column":34},"end":{"line":281,"column":5}},"line":279},"22":{"name":"(anonymous_22)","decl":{"start":{"line":280,"column":83},"end":{"line":280,"column":84}},"loc":{"start":{"line":280,"column":89},"end":{"line":280,"column":110}},"line":280},"23":{"name":"(anonymous_23)","decl":{"start":{"line":300,"column":42},"end":{"line":300,"column":43}},"loc":{"start":{"line":300,"column":57},"end":{"line":300,"column":72}},"line":300},"24":{"name":"(anonymous_24)","decl":{"start":{"line":303,"column":123},"end":{"line":303,"column":124}},"loc":{"start":{"line":303,"column":139},"end":{"line":303,"column":161}},"line":303},"25":{"name":"(anonymous_25)","decl":{"start":{"line":305,"column":41},"end":{"line":305,"column":42}},"loc":{"start":{"line":305,"column":47},"end":{"line":305,"column":58}},"line":305},"26":{"name":"(anonymous_26)","decl":{"start":{"line":323,"column":79},"end":{"line":323,"column":80}},"loc":{"start":{"line":323,"column":85},"end":{"line":323,"column":99}},"line":323}},"branchMap":{"0":{"loc":{"start":{"line":56,"column":8},"end":{"line":61,"column":9}},"type":"if","locations":[{"start":{"line":56,"column":8},"end":{"line":61,"column":9}},{"start":{"line":56,"column":8},"end":{"line":61,"column":9}}],"line":56},"1":{"loc":{"start":{"line":103,"column":8},"end":{"line":140,"column":13}},"type":"if","locations":[{"start":{"line":103,"column":8},"end":{"line":140,"column":13}},{"start":{"line":103,"column":8},"end":{"line":140,"column":13}}],"line":103},"2":{"loc":{"start":{"line":103,"column":11},"end":{"line":103,"column":54}},"type":"binary-expr","locations":[{"start":{"line":103,"column":11},"end":{"line":103,"column":29}},{"start":{"line":103,"column":33},"end":{"line":103,"column":54}}],"line":103},"3":{"loc":{"start":{"line":119,"column":33},"end":{"line":119,"column":131}},"type":"cond-expr","locations":[{"start":{"line":119,"column":119},"end":{"line":119,"column":124}},{"start":{"line":119,"column":127},"end":{"line":119,"column":131}}],"line":119},"4":{"loc":{"start":{"line":119,"column":35},"end":{"line":119,"column":115}},"type":"binary-expr","locations":[{"start":{"line":119,"column":35},"end":{"line":119,"column":73}},{"start":{"line":119,"column":77},"end":{"line":119,"column":115}}],"line":119},"5":{"loc":{"start":{"line":120,"column":31},"end":{"line":128,"column":18}},"type":"cond-expr","locations":[{"start":{"line":121,"column":16},"end":{"line":125,"column":18}},{"start":{"line":126,"column":17},"end":{"line":128,"column":18}}],"line":120},"6":{"loc":{"start":{"line":122,"column":33},"end":{"line":122,"column":132}},"type":"cond-expr","locations":[{"start":{"line":122,"column":77},"end":{"line":122,"column":100}},{"start":{"line":122,"column":103},"end":{"line":122,"column":132}}],"line":122},"7":{"loc":{"start":{"line":123,"column":34},"end":{"line":123,"column":133}},"type":"cond-expr","locations":[{"start":{"line":123,"column":78},"end":{"line":123,"column":101}},{"start":{"line":123,"column":104},"end":{"line":123,"column":133}}],"line":123},"8":{"loc":{"start":{"line":124,"column":27},"end":{"line":124,"column":85}},"type":"cond-expr","locations":[{"start":{"line":124,"column":64},"end":{"line":124,"column":69}},{"start":{"line":124,"column":72},"end":{"line":124,"column":85}}],"line":124},"9":{"loc":{"start":{"line":124,"column":29},"end":{"line":124,"column":60}},"type":"binary-expr","locations":[{"start":{"line":124,"column":29},"end":{"line":124,"column":42}},{"start":{"line":124,"column":46},"end":{"line":124,"column":60}}],"line":124},"10":{"loc":{"start":{"line":127,"column":27},"end":{"line":127,"column":62}},"type":"cond-expr","locations":[{"start":{"line":127,"column":41},"end":{"line":127,"column":54}},{"start":{"line":127,"column":57},"end":{"line":127,"column":62}}],"line":127},"11":{"loc":{"start":{"line":145,"column":8},"end":{"line":184,"column":13}},"type":"if","locations":[{"start":{"line":145,"column":8},"end":{"line":184,"column":13}},{"start":{"line":145,"column":8},"end":{"line":184,"column":13}}],"line":145},"12":{"loc":{"start":{"line":145,"column":11},"end":{"line":145,"column":54}},"type":"binary-expr","locations":[{"start":{"line":145,"column":11},"end":{"line":145,"column":29}},{"start":{"line":145,"column":33},"end":{"line":145,"column":54}}],"line":145},"13":{"loc":{"start":{"line":148,"column":32},"end":{"line":148,"column":130}},"type":"cond-expr","locations":[{"start":{"line":148,"column":118},"end":{"line":148,"column":123}},{"start":{"line":148,"column":126},"end":{"line":148,"column":130}}],"line":148},"14":{"loc":{"start":{"line":148,"column":34},"end":{"line":148,"column":114}},"type":"binary-expr","locations":[{"start":{"line":148,"column":34},"end":{"line":148,"column":72}},{"start":{"line":148,"column":76},"end":{"line":148,"column":114}}],"line":148},"15":{"loc":{"start":{"line":149,"column":32},"end":{"line":155,"column":31}},"type":"cond-expr","locations":[{"start":{"line":150,"column":16},"end":{"line":154,"column":18}},{"start":{"line":155,"column":18},"end":{"line":155,"column":31}}],"line":149},"16":{"loc":{"start":{"line":151,"column":33},"end":{"line":151,"column":132}},"type":"cond-expr","locations":[{"start":{"line":151,"column":77},"end":{"line":151,"column":100}},{"start":{"line":151,"column":103},"end":{"line":151,"column":132}}],"line":151},"17":{"loc":{"start":{"line":152,"column":34},"end":{"line":152,"column":133}},"type":"cond-expr","locations":[{"start":{"line":152,"column":78},"end":{"line":152,"column":101}},{"start":{"line":152,"column":104},"end":{"line":152,"column":133}}],"line":152},"18":{"loc":{"start":{"line":153,"column":27},"end":{"line":153,"column":69}},"type":"cond-expr","locations":[{"start":{"line":153,"column":64},"end":{"line":153,"column":65}},{"start":{"line":153,"column":68},"end":{"line":153,"column":69}}],"line":153},"19":{"loc":{"start":{"line":153,"column":29},"end":{"line":153,"column":60}},"type":"binary-expr","locations":[{"start":{"line":153,"column":29},"end":{"line":153,"column":42}},{"start":{"line":153,"column":46},"end":{"line":153,"column":60}}],"line":153},"20":{"loc":{"start":{"line":189,"column":8},"end":{"line":195,"column":14}},"type":"if","locations":[{"start":{"line":189,"column":8},"end":{"line":195,"column":14}},{"start":{"line":189,"column":8},"end":{"line":195,"column":14}}],"line":189},"21":{"loc":{"start":{"line":200,"column":8},"end":{"line":253,"column":13}},"type":"if","locations":[{"start":{"line":200,"column":8},"end":{"line":253,"column":13}},{"start":{"line":200,"column":8},"end":{"line":253,"column":13}}],"line":200},"22":{"loc":{"start":{"line":200,"column":12},"end":{"line":200,"column":59}},"type":"binary-expr","locations":[{"start":{"line":200,"column":12},"end":{"line":200,"column":21}},{"start":{"line":200,"column":25},"end":{"line":200,"column":59}}],"line":200},"23":{"loc":{"start":{"line":208,"column":13},"end":{"line":253,"column":13}},"type":"if","locations":[{"start":{"line":208,"column":13},"end":{"line":253,"column":13}},{"start":{"line":208,"column":13},"end":{"line":253,"column":13}}],"line":208},"24":{"loc":{"start":{"line":208,"column":16},"end":{"line":208,"column":65}},"type":"binary-expr","locations":[{"start":{"line":208,"column":16},"end":{"line":208,"column":37}},{"start":{"line":208,"column":41},"end":{"line":208,"column":65}}],"line":208},"25":{"loc":{"start":{"line":257,"column":8},"end":{"line":260,"column":9}},"type":"if","locations":[{"start":{"line":257,"column":8},"end":{"line":260,"column":9}},{"start":{"line":257,"column":8},"end":{"line":260,"column":9}}],"line":257},"26":{"loc":{"start":{"line":265,"column":8},"end":{"line":272,"column":14}},"type":"if","locations":[{"start":{"line":265,"column":8},"end":{"line":272,"column":14}},{"start":{"line":265,"column":8},"end":{"line":272,"column":14}}],"line":265},"27":{"loc":{"start":{"line":265,"column":12},"end":{"line":265,"column":88}},"type":"binary-expr","locations":[{"start":{"line":265,"column":12},"end":{"line":265,"column":22}},{"start":{"line":265,"column":26},"end":{"line":265,"column":50}},{"start":{"line":265,"column":54},"end":{"line":265,"column":88}}],"line":265},"28":{"loc":{"start":{"line":283,"column":4},"end":{"line":327,"column":10}},"type":"if","locations":[{"start":{"line":283,"column":4},"end":{"line":327,"column":10}},{"start":{"line":283,"column":4},"end":{"line":327,"column":10}}],"line":283},"29":{"loc":{"start":{"line":283,"column":7},"end":{"line":283,"column":76}},"type":"binary-expr","locations":[{"start":{"line":283,"column":7},"end":{"line":283,"column":20}},{"start":{"line":283,"column":26},"end":{"line":283,"column":74}}],"line":283},"30":{"loc":{"start":{"line":287,"column":9},"end":{"line":327,"column":10}},"type":"if","locations":[{"start":{"line":287,"column":9},"end":{"line":327,"column":10}},{"start":{"line":287,"column":9},"end":{"line":327,"column":10}}],"line":287}},"s":{"0":1,"1":0,"2":0,"3":0,"4":0,"5":0,"6":0,"7":0,"8":0,"9":0,"10":0,"11":0,"12":0,"13":0,"14":0,"15":0,"16":0,"17":0,"18":0,"19":0,"20":0,"21":0,"22":0,"23":0,"24":0,"25":0,"26":0,"27":0,"28":0,"29":0,"30":0,"31":0,"32":0,"33":0,"34":0,"35":0,"36":0,"37":0,"38":0,"39":0,"40":0,"41":0,"42":0,"43":0,"44":0,"45":0,"46":0,"47":0,"48":0,"49":0,"50":0,"51":0,"52":0,"53":0,"54":0,"55":0,"56":0,"57":0,"58":0,"59":0,"60":0,"61":0,"62":0,"63":0,"64":0,"65":0,"66":0,"67":0,"68":0,"69":0,"70":0,"71":0,"72":0,"73":0,"74":0,"75":0,"76":0,"77":0,"78":0,"79":0,"80":0,"81":0,"82":0,"83":0,"84":0,"85":0,"86":0,"87":0,"88":0,"89":0,"90":0,"91":0,"92":0,"93":0,"94":0,"95":0,"96":0,"97":0,"98":0,"99":0,"100":0,"101":0,"102":0,"103":0},"f":{"0":0,"1":0,"2":0,"3":0,"4":0,"5":0,"6":0,"7":0,"8":0,"9":0,"10":0,"11":0,"12":0,"13":0,"14":0,"15":0,"16":0,"17":0,"18":0,"19":0,"20":0,"21":0,"22":0,"23":0,"24":0,"25":0,"26":0},"b":{"0":[0,0],"1":[0,0],"2":[0,0],"3":[0,0],"4":[0,0],"5":[0,0],"6":[0,0],"7":[0,0],"8":[0,0],"9":[0,0],"10":[0,0],"11":[0,0],"12":[0,0],"13":[0,0],"14":[0,0],"15":[0,0],"16":[0,0],"17":[0,0],"18":[0,0],"19":[0,0],"20":[0,0],"21":[0,0],"22":[0,0],"23":[0,0],"24":[0,0],"25":[0,0],"26":[0,0],"27":[0,0,0],"28":[0,0],"29":[0,0],"30":[0,0]},"_coverageSchema":"1a1c01bbd47fc00a2c39e90264f33305004495a9","hash":"ac0d36eea4369a93374b3cb76df6348a4caaa8cc"}
,"C:\\Users\\H442163\\Desktop\\asset_health_analyzer_oc_frontend-bugfix-pritam_chart@c5e37e92829\\src\\app\\src\\components\\colorParams.ts": {"path":"C:\\Users\\H442163\\Desktop\\asset_health_analyzer_oc_frontend-bugfix-pritam_chart@c5e37e92829\\src\\app\\src\\components\\colorParams.ts","statementMap":{"0":{"start":{"line":1,"column":29},"end":{"line":12,"column":1}},"1":{"start":{"line":2,"column":4},"end":{"line":11,"column":6}}},"fnMap":{"0":{"name":"(anonymous_0)","decl":{"start":{"line":1,"column":29},"end":{"line":1,"column":30}},"loc":{"start":{"line":1,"column":35},"end":{"line":12,"column":1}},"line":1}},"branchMap":{},"s":{"0":1,"1":3},"f":{"0":3},"b":{},"_coverageSchema":"1a1c01bbd47fc00a2c39e90264f33305004495a9","hash":"b3c33317ea15344a5d41bc817fbeaf0b087f1ea1"}
,"C:\\Users\\H442163\\Desktop\\asset_health_analyzer_oc_frontend-bugfix-pritam_chart@c5e37e92829\\src\\app\\src\\components\\customSlider.tsx": {"path":"C:\\Users\\H442163\\Desktop\\asset_health_analyzer_oc_frontend-bugfix-pritam_chart@c5e37e92829\\src\\app\\src\\components\\customSlider.tsx","statementMap":{"0":{"start":{"line":4,"column":28},"end":{"line":32,"column":12}}},"fnMap":{},"branchMap":{},"s":{"0":1},"f":{},"b":{},"_coverageSchema":"1a1c01bbd47fc00a2c39e90264f33305004495a9","hash":"5f2134a3a916aced6fc20dab04be1868c90be8ac"}
,"C:\\Users\\H442163\\Desktop\\asset_health_analyzer_oc_frontend-bugfix-pritam_chart@c5e37e92829\\src\\app\\src\\components\\liveChartComp.tsx": {"path":"C:\\Users\\H442163\\Desktop\\asset_health_analyzer_oc_frontend-bugfix-pritam_chart@c5e37e92829\\src\\app\\src\\components\\liveChartComp.tsx","statementMap":{"0":{"start":{"line":17,"column":26},"end":{"line":21,"column":1}},"1":{"start":{"line":18,"column":4},"end":{"line":20,"column":9}},"2":{"start":{"line":23,"column":15},"end":{"line":25,"column":1}},"3":{"start":{"line":23,"column":29},"end":{"line":25,"column":1}},"4":{"start":{"line":30,"column":20},"end":{"line":30,"column":44}},"5":{"start":{"line":31,"column":21},"end":{"line":31,"column":35}},"6":{"start":{"line":32,"column":18},"end":{"line":32,"column":37}},"7":{"start":{"line":33,"column":17},"end":{"line":33,"column":36}},"8":{"start":{"line":34,"column":22},"end":{"line":40,"column":6}},"9":{"start":{"line":35,"column":8},"end":{"line":39,"column":10}},"10":{"start":{"line":41,"column":25},"end":{"line":47,"column":6}},"11":{"start":{"line":42,"column":8},"end":{"line":46,"column":10}},"12":{"start":{"line":48,"column":17},"end":{"line":48,"column":35}},"13":{"start":{"line":50,"column":19},"end":{"line":50,"column":34}},"14":{"start":{"line":52,"column":38},"end":{"line":52,"column":52}},"15":{"start":{"line":53,"column":28},"end":{"line":53,"column":49}},"16":{"start":{"line":54,"column":32},"end":{"line":54,"column":47}},"17":{"start":{"line":55,"column":26},"end":{"line":55,"column":37}},"18":{"start":{"line":56,"column":34},"end":{"line":56,"column":58}},"19":{"start":{"line":57,"column":28},"end":{"line":57,"column":42}},"20":{"start":{"line":58,"column":30},"end":{"line":58,"column":45}},"21":{"start":{"line":62,"column":8},"end":{"line":141,"column":9}},"22":{"start":{"line":64,"column":37},"end":{"line":64,"column":41}},"23":{"start":{"line":65,"column":12},"end":{"line":68,"column":15}},"24":{"start":{"line":70,"column":12},"end":{"line":80,"column":13}},"25":{"start":{"line":71,"column":16},"end":{"line":71,"column":55}},"26":{"start":{"line":72,"column":16},"end":{"line":72,"column":38}},"27":{"start":{"line":73,"column":16},"end":{"line":73,"column":36}},"28":{"start":{"line":74,"column":16},"end":{"line":74,"column":37}},"29":{"start":{"line":77,"column":16},"end":{"line":77,"column":49}},"30":{"start":{"line":78,"column":16},"end":{"line":78,"column":45}},"31":{"start":{"line":79,"column":16},"end":{"line":79,"column":23}},"32":{"start":{"line":82,"column":12},"end":{"line":82,"column":75}},"33":{"start":{"line":82,"column":39},"end":{"line":82,"column":73}},"34":{"start":{"line":84,"column":12},"end":{"line":89,"column":15}},"35":{"start":{"line":85,"column":16},"end":{"line":85,"column":64}},"36":{"start":{"line":86,"column":16},"end":{"line":86,"column":36}},"37":{"start":{"line":87,"column":16},"end":{"line":87,"column":30}},"38":{"start":{"line":88,"column":16},"end":{"line":88,"column":35}},"39":{"start":{"line":91,"column":12},"end":{"line":120,"column":13}},"40":{"start":{"line":94,"column":16},"end":{"line":119,"column":19}},"41":{"start":{"line":95,"column":20},"end":{"line":95,"column":79}},"42":{"start":{"line":97,"column":20},"end":{"line":104,"column":24}},"43":{"start":{"line":98,"column":24},"end":{"line":98,"column":53}},"44":{"start":{"line":99,"column":24},"end":{"line":104,"column":21}},"45":{"start":{"line":106,"column":20},"end":{"line":111,"column":23}},"46":{"start":{"line":106,"column":59},"end":{"line":111,"column":21}},"47":{"start":{"line":113,"column":20},"end":{"line":113,"column":70}},"48":{"start":{"line":113,"column":55},"end":{"line":113,"column":68}},"49":{"start":{"line":115,"column":20},"end":{"line":115,"column":40}},"50":{"start":{"line":116,"column":20},"end":{"line":116,"column":38}},"51":{"start":{"line":117,"column":20},"end":{"line":117,"column":48}},"52":{"start":{"line":118,"column":20},"end":{"line":118,"column":41}},"53":{"start":{"line":123,"column":13},"end":{"line":141,"column":9}},"54":{"start":{"line":124,"column":12},"end":{"line":124,"column":63}},"55":{"start":{"line":125,"column":12},"end":{"line":125,"column":41}},"56":{"start":{"line":127,"column":13},"end":{"line":141,"column":9}},"57":{"start":{"line":129,"column":37},"end":{"line":129,"column":41}},"58":{"start":{"line":130,"column":12},"end":{"line":130,"column":60}},"59":{"start":{"line":131,"column":12},"end":{"line":131,"column":33}},"60":{"start":{"line":132,"column":12},"end":{"line":132,"column":26}},"61":{"start":{"line":133,"column":12},"end":{"line":133,"column":34}},"62":{"start":{"line":134,"column":12},"end":{"line":134,"column":31}},"63":{"start":{"line":135,"column":12},"end":{"line":135,"column":35}},"64":{"start":{"line":137,"column":13},"end":{"line":141,"column":9}},"65":{"start":{"line":139,"column":12},"end":{"line":139,"column":54}},"66":{"start":{"line":140,"column":12},"end":{"line":140,"column":44}},"67":{"start":{"line":143,"column":8},"end":{"line":143,"column":26}},"68":{"start":{"line":149,"column":8},"end":{"line":189,"column":13}},"69":{"start":{"line":150,"column":12},"end":{"line":161,"column":14}},"70":{"start":{"line":163,"column":35},"end":{"line":163,"column":89}},"71":{"start":{"line":164,"column":29},"end":{"line":164,"column":76}},"72":{"start":{"line":164,"column":71},"end":{"line":164,"column":74}},"73":{"start":{"line":165,"column":29},"end":{"line":165,"column":76}},"74":{"start":{"line":165,"column":71},"end":{"line":165,"column":74}},"75":{"start":{"line":166,"column":28},"end":{"line":166,"column":39}},"76":{"start":{"line":167,"column":28},"end":{"line":167,"column":66}},"77":{"start":{"line":167,"column":64},"end":{"line":167,"column":65}},"78":{"start":{"line":168,"column":32},"end":{"line":168,"column":130}},"79":{"start":{"line":169,"column":31},"end":{"line":177,"column":18}},"80":{"start":{"line":171,"column":33},"end":{"line":171,"column":132}},"81":{"start":{"line":172,"column":34},"end":{"line":172,"column":133}},"82":{"start":{"line":173,"column":20},"end":{"line":173,"column":86}},"83":{"start":{"line":176,"column":20},"end":{"line":176,"column":63}},"84":{"start":{"line":179,"column":34},"end":{"line":179,"column":106}},"85":{"start":{"line":180,"column":32},"end":{"line":180,"column":159}},"86":{"start":{"line":182,"column":16},"end":{"line":188,"column":18}},"87":{"start":{"line":194,"column":8},"end":{"line":233,"column":13}},"88":{"start":{"line":195,"column":12},"end":{"line":195,"column":20}},"89":{"start":{"line":197,"column":32},"end":{"line":197,"column":130}},"90":{"start":{"line":198,"column":32},"end":{"line":204,"column":29}},"91":{"start":{"line":200,"column":33},"end":{"line":200,"column":132}},"92":{"start":{"line":201,"column":34},"end":{"line":201,"column":133}},"93":{"start":{"line":202,"column":20},"end":{"line":202,"column":70}},"94":{"start":{"line":206,"column":35},"end":{"line":206,"column":97}},"95":{"start":{"line":207,"column":32},"end":{"line":207,"column":77}},"96":{"start":{"line":207,"column":69},"end":{"line":207,"column":72}},"97":{"start":{"line":208,"column":34},"end":{"line":208,"column":106}},"98":{"start":{"line":209,"column":32},"end":{"line":209,"column":62}},"99":{"start":{"line":210,"column":29},"end":{"line":210,"column":76}},"100":{"start":{"line":210,"column":71},"end":{"line":210,"column":74}},"101":{"start":{"line":211,"column":29},"end":{"line":211,"column":76}},"102":{"start":{"line":211,"column":71},"end":{"line":211,"column":74}},"103":{"start":{"line":213,"column":16},"end":{"line":232,"column":18}},"104":{"start":{"line":238,"column":8},"end":{"line":283,"column":9}},"105":{"start":{"line":239,"column":12},"end":{"line":244,"column":14}},"106":{"start":{"line":246,"column":29},"end":{"line":246,"column":48}},"107":{"start":{"line":248,"column":12},"end":{"line":282,"column":18}},"108":{"start":{"line":259,"column":54},"end":{"line":259,"column":74}},"109":{"start":{"line":260,"column":48},"end":{"line":260,"column":102}},"110":{"start":{"line":261,"column":48},"end":{"line":261,"column":75}},"111":{"start":{"line":263,"column":52},"end":{"line":263,"column":142}},"112":{"start":{"line":264,"column":49},"end":{"line":264,"column":140}},"113":{"start":{"line":265,"column":50},"end":{"line":265,"column":141}},"114":{"start":{"line":267,"column":153},"end":{"line":269,"column":71}},"115":{"start":{"line":271,"column":36},"end":{"line":275,"column":38}},"116":{"start":{"line":280,"column":61},"end":{"line":280,"column":83}},"117":{"start":{"line":288,"column":8},"end":{"line":295,"column":14}},"118":{"start":{"line":289,"column":12},"end":{"line":295,"column":14}},"119":{"start":{"line":292,"column":61},"end":{"line":292,"column":81}},"120":{"start":{"line":299,"column":4},"end":{"line":332,"column":10}},"121":{"start":{"line":300,"column":8},"end":{"line":302,"column":10}},"122":{"start":{"line":303,"column":9},"end":{"line":332,"column":10}},"123":{"start":{"line":304,"column":8},"end":{"line":310,"column":10}},"124":{"start":{"line":313,"column":8},"end":{"line":332,"column":10}},"125":{"start":{"line":316,"column":24},"end":{"line":316,"column":44}},"126":{"start":{"line":319,"column":24},"end":{"line":319,"column":45}}},"fnMap":{"0":{"name":"(anonymous_0)","decl":{"start":{"line":17,"column":26},"end":{"line":17,"column":27}},"loc":{"start":{"line":18,"column":4},"end":{"line":20,"column":9}},"line":18},"1":{"name":"(anonymous_1)","decl":{"start":{"line":23,"column":15},"end":{"line":23,"column":16}},"loc":{"start":{"line":23,"column":29},"end":{"line":25,"column":1}},"line":23},"2":{"name":"LiveChartComp","decl":{"start":{"line":27,"column":24},"end":{"line":27,"column":37}},"loc":{"start":{"line":27,"column":40},"end":{"line":333,"column":1}},"line":27},"3":{"name":"(anonymous_3)","decl":{"start":{"line":34,"column":33},"end":{"line":34,"column":34}},"loc":{"start":{"line":34,"column":48},"end":{"line":40,"column":5}},"line":34},"4":{"name":"(anonymous_4)","decl":{"start":{"line":41,"column":36},"end":{"line":41,"column":37}},"loc":{"start":{"line":41,"column":51},"end":{"line":47,"column":5}},"line":41},"5":{"name":"SocketHandler","decl":{"start":{"line":60,"column":19},"end":{"line":60,"column":32}},"loc":{"start":{"line":60,"column":44},"end":{"line":145,"column":5}},"line":60},"6":{"name":"(anonymous_6)","decl":{"start":{"line":82,"column":33},"end":{"line":82,"column":34}},"loc":{"start":{"line":82,"column":39},"end":{"line":82,"column":73}},"line":82},"7":{"name":"(anonymous_7)","decl":{"start":{"line":84,"column":36},"end":{"line":84,"column":37}},"loc":{"start":{"line":84,"column":42},"end":{"line":89,"column":13}},"line":84},"8":{"name":"(anonymous_8)","decl":{"start":{"line":94,"column":48},"end":{"line":94,"column":49}},"loc":{"start":{"line":94,"column":84},"end":{"line":119,"column":17}},"line":94},"9":{"name":"(anonymous_9)","decl":{"start":{"line":97,"column":34},"end":{"line":97,"column":35}},"loc":{"start":{"line":97,"column":56},"end":{"line":104,"column":22}},"line":97},"10":{"name":"(anonymous_10)","decl":{"start":{"line":106,"column":37},"end":{"line":106,"column":38}},"loc":{"start":{"line":106,"column":59},"end":{"line":111,"column":21}},"line":106},"11":{"name":"(anonymous_11)","decl":{"start":{"line":113,"column":33},"end":{"line":113,"column":34}},"loc":{"start":{"line":113,"column":55},"end":{"line":113,"column":68}},"line":113},"12":{"name":"showChart","decl":{"start":{"line":147,"column":13},"end":{"line":147,"column":22}},"loc":{"start":{"line":147,"column":46},"end":{"line":190,"column":5}},"line":147},"13":{"name":"(anonymous_13)","decl":{"start":{"line":164,"column":57},"end":{"line":164,"column":58}},"loc":{"start":{"line":164,"column":71},"end":{"line":164,"column":74}},"line":164},"14":{"name":"(anonymous_14)","decl":{"start":{"line":165,"column":57},"end":{"line":165,"column":58}},"loc":{"start":{"line":165,"column":71},"end":{"line":165,"column":74}},"line":165},"15":{"name":"(anonymous_15)","decl":{"start":{"line":167,"column":44},"end":{"line":167,"column":45}},"loc":{"start":{"line":167,"column":64},"end":{"line":167,"column":65}},"line":167},"16":{"name":"(anonymous_16)","decl":{"start":{"line":170,"column":32},"end":{"line":170,"column":33}},"loc":{"start":{"line":170,"column":47},"end":{"line":174,"column":17}},"line":170},"17":{"name":"(anonymous_17)","decl":{"start":{"line":175,"column":34},"end":{"line":175,"column":35}},"loc":{"start":{"line":175,"column":49},"end":{"line":177,"column":17}},"line":175},"18":{"name":"showPie","decl":{"start":{"line":192,"column":13},"end":{"line":192,"column":20}},"loc":{"start":{"line":192,"column":44},"end":{"line":234,"column":5}},"line":192},"19":{"name":"(anonymous_19)","decl":{"start":{"line":199,"column":32},"end":{"line":199,"column":33}},"loc":{"start":{"line":199,"column":47},"end":{"line":203,"column":17}},"line":199},"20":{"name":"(anonymous_20)","decl":{"start":{"line":207,"column":49},"end":{"line":207,"column":50}},"loc":{"start":{"line":207,"column":69},"end":{"line":207,"column":72}},"line":207},"21":{"name":"(anonymous_21)","decl":{"start":{"line":210,"column":57},"end":{"line":210,"column":58}},"loc":{"start":{"line":210,"column":71},"end":{"line":210,"column":74}},"line":210},"22":{"name":"(anonymous_22)","decl":{"start":{"line":211,"column":57},"end":{"line":211,"column":58}},"loc":{"start":{"line":211,"column":71},"end":{"line":211,"column":74}},"line":211},"23":{"name":"toggleChartContent","decl":{"start":{"line":236,"column":13},"end":{"line":236,"column":31}},"loc":{"start":{"line":236,"column":34},"end":{"line":284,"column":5}},"line":236},"24":{"name":"(anonymous_24)","decl":{"start":{"line":258,"column":45},"end":{"line":258,"column":46}},"loc":{"start":{"line":258,"column":60},"end":{"line":276,"column":33}},"line":258},"25":{"name":"(anonymous_25)","decl":{"start":{"line":280,"column":34},"end":{"line":280,"column":35}},"loc":{"start":{"line":280,"column":61},"end":{"line":280,"column":83}},"line":280},"26":{"name":"togglePieContent","decl":{"start":{"line":286,"column":13},"end":{"line":286,"column":29}},"loc":{"start":{"line":286,"column":32},"end":{"line":296,"column":5}},"line":286},"27":{"name":"(anonymous_27)","decl":{"start":{"line":292,"column":34},"end":{"line":292,"column":35}},"loc":{"start":{"line":292,"column":61},"end":{"line":292,"column":81}},"line":292},"28":{"name":"(anonymous_28)","decl":{"start":{"line":315,"column":37},"end":{"line":315,"column":38}},"loc":{"start":{"line":315,"column":43},"end":{"line":317,"column":21}},"line":315},"29":{"name":"(anonymous_29)","decl":{"start":{"line":318,"column":37},"end":{"line":318,"column":38}},"loc":{"start":{"line":318,"column":43},"end":{"line":320,"column":21}},"line":318}},"branchMap":{"0":{"loc":{"start":{"line":62,"column":8},"end":{"line":141,"column":9}},"type":"if","locations":[{"start":{"line":62,"column":8},"end":{"line":141,"column":9}},{"start":{"line":62,"column":8},"end":{"line":141,"column":9}}],"line":62},"1":{"loc":{"start":{"line":62,"column":12},"end":{"line":62,"column":33}},"type":"binary-expr","locations":[{"start":{"line":62,"column":12},"end":{"line":62,"column":16}},{"start":{"line":62,"column":20},"end":{"line":62,"column":33}}],"line":62},"2":{"loc":{"start":{"line":70,"column":12},"end":{"line":80,"column":13}},"type":"if","locations":[{"start":{"line":70,"column":12},"end":{"line":80,"column":13}},{"start":{"line":70,"column":12},"end":{"line":80,"column":13}}],"line":70},"3":{"loc":{"start":{"line":123,"column":13},"end":{"line":141,"column":9}},"type":"if","locations":[{"start":{"line":123,"column":13},"end":{"line":141,"column":9}},{"start":{"line":123,"column":13},"end":{"line":141,"column":9}}],"line":123},"4":{"loc":{"start":{"line":123,"column":17},"end":{"line":123,"column":38}},"type":"binary-expr","locations":[{"start":{"line":123,"column":17},"end":{"line":123,"column":21}},{"start":{"line":123,"column":25},"end":{"line":123,"column":38}}],"line":123},"5":{"loc":{"start":{"line":127,"column":13},"end":{"line":141,"column":9}},"type":"if","locations":[{"start":{"line":127,"column":13},"end":{"line":141,"column":9}},{"start":{"line":127,"column":13},"end":{"line":141,"column":9}}],"line":127},"6":{"loc":{"start":{"line":127,"column":17},"end":{"line":127,"column":39}},"type":"binary-expr","locations":[{"start":{"line":127,"column":17},"end":{"line":127,"column":22}},{"start":{"line":127,"column":26},"end":{"line":127,"column":39}}],"line":127},"7":{"loc":{"start":{"line":137,"column":13},"end":{"line":141,"column":9}},"type":"if","locations":[{"start":{"line":137,"column":13},"end":{"line":141,"column":9}},{"start":{"line":137,"column":13},"end":{"line":141,"column":9}}],"line":137},"8":{"loc":{"start":{"line":137,"column":17},"end":{"line":137,"column":39}},"type":"binary-expr","locations":[{"start":{"line":137,"column":17},"end":{"line":137,"column":22}},{"start":{"line":137,"column":26},"end":{"line":137,"column":39}}],"line":137},"9":{"loc":{"start":{"line":149,"column":8},"end":{"line":189,"column":13}},"type":"if","locations":[{"start":{"line":149,"column":8},"end":{"line":189,"column":13}},{"start":{"line":149,"column":8},"end":{"line":189,"column":13}}],"line":149},"10":{"loc":{"start":{"line":168,"column":32},"end":{"line":168,"column":130}},"type":"cond-expr","locations":[{"start":{"line":168,"column":118},"end":{"line":168,"column":123}},{"start":{"line":168,"column":126},"end":{"line":168,"column":130}}],"line":168},"11":{"loc":{"start":{"line":168,"column":34},"end":{"line":168,"column":114}},"type":"binary-expr","locations":[{"start":{"line":168,"column":34},"end":{"line":168,"column":72}},{"start":{"line":168,"column":76},"end":{"line":168,"column":114}}],"line":168},"12":{"loc":{"start":{"line":169,"column":31},"end":{"line":177,"column":18}},"type":"cond-expr","locations":[{"start":{"line":170,"column":16},"end":{"line":174,"column":18}},{"start":{"line":175,"column":18},"end":{"line":177,"column":18}}],"line":169},"13":{"loc":{"start":{"line":171,"column":33},"end":{"line":171,"column":132}},"type":"cond-expr","locations":[{"start":{"line":171,"column":77},"end":{"line":171,"column":100}},{"start":{"line":171,"column":103},"end":{"line":171,"column":132}}],"line":171},"14":{"loc":{"start":{"line":172,"column":34},"end":{"line":172,"column":133}},"type":"cond-expr","locations":[{"start":{"line":172,"column":78},"end":{"line":172,"column":101}},{"start":{"line":172,"column":104},"end":{"line":172,"column":133}}],"line":172},"15":{"loc":{"start":{"line":173,"column":27},"end":{"line":173,"column":85}},"type":"cond-expr","locations":[{"start":{"line":173,"column":64},"end":{"line":173,"column":69}},{"start":{"line":173,"column":72},"end":{"line":173,"column":85}}],"line":173},"16":{"loc":{"start":{"line":173,"column":29},"end":{"line":173,"column":60}},"type":"binary-expr","locations":[{"start":{"line":173,"column":29},"end":{"line":173,"column":42}},{"start":{"line":173,"column":46},"end":{"line":173,"column":60}}],"line":173},"17":{"loc":{"start":{"line":176,"column":27},"end":{"line":176,"column":62}},"type":"cond-expr","locations":[{"start":{"line":176,"column":41},"end":{"line":176,"column":54}},{"start":{"line":176,"column":57},"end":{"line":176,"column":62}}],"line":176},"18":{"loc":{"start":{"line":194,"column":8},"end":{"line":233,"column":13}},"type":"if","locations":[{"start":{"line":194,"column":8},"end":{"line":233,"column":13}},{"start":{"line":194,"column":8},"end":{"line":233,"column":13}}],"line":194},"19":{"loc":{"start":{"line":197,"column":32},"end":{"line":197,"column":130}},"type":"cond-expr","locations":[{"start":{"line":197,"column":118},"end":{"line":197,"column":123}},{"start":{"line":197,"column":126},"end":{"line":197,"column":130}}],"line":197},"20":{"loc":{"start":{"line":197,"column":34},"end":{"line":197,"column":114}},"type":"binary-expr","locations":[{"start":{"line":197,"column":34},"end":{"line":197,"column":72}},{"start":{"line":197,"column":76},"end":{"line":197,"column":114}}],"line":197},"21":{"loc":{"start":{"line":198,"column":32},"end":{"line":204,"column":29}},"type":"cond-expr","locations":[{"start":{"line":199,"column":16},"end":{"line":203,"column":18}},{"start":{"line":204,"column":18},"end":{"line":204,"column":29}}],"line":198},"22":{"loc":{"start":{"line":200,"column":33},"end":{"line":200,"column":132}},"type":"cond-expr","locations":[{"start":{"line":200,"column":77},"end":{"line":200,"column":100}},{"start":{"line":200,"column":103},"end":{"line":200,"column":132}}],"line":200},"23":{"loc":{"start":{"line":201,"column":34},"end":{"line":201,"column":133}},"type":"cond-expr","locations":[{"start":{"line":201,"column":78},"end":{"line":201,"column":101}},{"start":{"line":201,"column":104},"end":{"line":201,"column":133}}],"line":201},"24":{"loc":{"start":{"line":202,"column":27},"end":{"line":202,"column":69}},"type":"cond-expr","locations":[{"start":{"line":202,"column":64},"end":{"line":202,"column":65}},{"start":{"line":202,"column":68},"end":{"line":202,"column":69}}],"line":202},"25":{"loc":{"start":{"line":202,"column":29},"end":{"line":202,"column":60}},"type":"binary-expr","locations":[{"start":{"line":202,"column":29},"end":{"line":202,"column":42}},{"start":{"line":202,"column":46},"end":{"line":202,"column":60}}],"line":202},"26":{"loc":{"start":{"line":238,"column":8},"end":{"line":283,"column":9}},"type":"if","locations":[{"start":{"line":238,"column":8},"end":{"line":283,"column":9}},{"start":{"line":238,"column":8},"end":{"line":283,"column":9}}],"line":238},"27":{"loc":{"start":{"line":263,"column":52},"end":{"line":263,"column":142}},"type":"cond-expr","locations":[{"start":{"line":263,"column":130},"end":{"line":263,"column":135}},{"start":{"line":263,"column":138},"end":{"line":263,"column":142}}],"line":263},"28":{"loc":{"start":{"line":263,"column":54},"end":{"line":263,"column":126}},"type":"binary-expr","locations":[{"start":{"line":263,"column":54},"end":{"line":263,"column":88}},{"start":{"line":263,"column":92},"end":{"line":263,"column":126}}],"line":263},"29":{"loc":{"start":{"line":264,"column":49},"end":{"line":264,"column":140}},"type":"cond-expr","locations":[{"start":{"line":264,"column":89},"end":{"line":264,"column":112}},{"start":{"line":264,"column":115},"end":{"line":264,"column":140}}],"line":264},"30":{"loc":{"start":{"line":265,"column":50},"end":{"line":265,"column":141}},"type":"cond-expr","locations":[{"start":{"line":265,"column":90},"end":{"line":265,"column":113}},{"start":{"line":265,"column":116},"end":{"line":265,"column":141}}],"line":265},"31":{"loc":{"start":{"line":267,"column":153},"end":{"line":269,"column":71}},"type":"cond-expr","locations":[{"start":{"line":268,"column":36},"end":{"line":268,"column":99}},{"start":{"line":269,"column":38},"end":{"line":269,"column":71}}],"line":267},"32":{"loc":{"start":{"line":268,"column":36},"end":{"line":268,"column":99}},"type":"cond-expr","locations":[{"start":{"line":268,"column":85},"end":{"line":268,"column":90}},{"start":{"line":268,"column":93},"end":{"line":268,"column":99}}],"line":268},"33":{"loc":{"start":{"line":268,"column":38},"end":{"line":268,"column":81}},"type":"binary-expr","locations":[{"start":{"line":268,"column":38},"end":{"line":268,"column":57}},{"start":{"line":268,"column":61},"end":{"line":268,"column":81}}],"line":268},"34":{"loc":{"start":{"line":269,"column":38},"end":{"line":269,"column":71}},"type":"cond-expr","locations":[{"start":{"line":269,"column":57},"end":{"line":269,"column":62}},{"start":{"line":269,"column":65},"end":{"line":269,"column":71}}],"line":269},"35":{"loc":{"start":{"line":288,"column":8},"end":{"line":295,"column":14}},"type":"if","locations":[{"start":{"line":288,"column":8},"end":{"line":295,"column":14}},{"start":{"line":288,"column":8},"end":{"line":295,"column":14}}],"line":288},"36":{"loc":{"start":{"line":288,"column":12},"end":{"line":288,"column":57}},"type":"binary-expr","locations":[{"start":{"line":288,"column":12},"end":{"line":288,"column":22}},{"start":{"line":288,"column":26},"end":{"line":288,"column":57}}],"line":288},"37":{"loc":{"start":{"line":299,"column":4},"end":{"line":332,"column":10}},"type":"if","locations":[{"start":{"line":299,"column":4},"end":{"line":332,"column":10}},{"start":{"line":299,"column":4},"end":{"line":332,"column":10}}],"line":299},"38":{"loc":{"start":{"line":299,"column":7},"end":{"line":299,"column":76}},"type":"binary-expr","locations":[{"start":{"line":299,"column":7},"end":{"line":299,"column":20}},{"start":{"line":299,"column":26},"end":{"line":299,"column":74}}],"line":299},"39":{"loc":{"start":{"line":303,"column":9},"end":{"line":332,"column":10}},"type":"if","locations":[{"start":{"line":303,"column":9},"end":{"line":332,"column":10}},{"start":{"line":303,"column":9},"end":{"line":332,"column":10}}],"line":303}},"s":{"0":1,"1":0,"2":1,"3":0,"4":0,"5":0,"6":0,"7":0,"8":0,"9":0,"10":0,"11":0,"12":0,"13":0,"14":0,"15":0,"16":0,"17":0,"18":0,"19":0,"20":0,"21":0,"22":0,"23":0,"24":0,"25":0,"26":0,"27":0,"28":0,"29":0,"30":0,"31":0,"32":0,"33":0,"34":0,"35":0,"36":0,"37":0,"38":0,"39":0,"40":0,"41":0,"42":0,"43":0,"44":0,"45":0,"46":0,"47":0,"48":0,"49":0,"50":0,"51":0,"52":0,"53":0,"54":0,"55":0,"56":0,"57":0,"58":0,"59":0,"60":0,"61":0,"62":0,"63":0,"64":0,"65":0,"66":0,"67":0,"68":0,"69":0,"70":0,"71":0,"72":0,"73":0,"74":0,"75":0,"76":0,"77":0,"78":0,"79":0,"80":0,"81":0,"82":0,"83":0,"84":0,"85":0,"86":0,"87":0,"88":0,"89":0,"90":0,"91":0,"92":0,"93":0,"94":0,"95":0,"96":0,"97":0,"98":0,"99":0,"100":0,"101":0,"102":0,"103":0,"104":0,"105":0,"106":0,"107":0,"108":0,"109":0,"110":0,"111":0,"112":0,"113":0,"114":0,"115":0,"116":0,"117":0,"118":0,"119":0,"120":0,"121":0,"122":0,"123":0,"124":0,"125":0,"126":0},"f":{"0":0,"1":0,"2":0,"3":0,"4":0,"5":0,"6":0,"7":0,"8":0,"9":0,"10":0,"11":0,"12":0,"13":0,"14":0,"15":0,"16":0,"17":0,"18":0,"19":0,"20":0,"21":0,"22":0,"23":0,"24":0,"25":0,"26":0,"27":0,"28":0,"29":0},"b":{"0":[0,0],"1":[0,0],"2":[0,0],"3":[0,0],"4":[0,0],"5":[0,0],"6":[0,0],"7":[0,0],"8":[0,0],"9":[0,0],"10":[0,0],"11":[0,0],"12":[0,0],"13":[0,0],"14":[0,0],"15":[0,0],"16":[0,0],"17":[0,0],"18":[0,0],"19":[0,0],"20":[0,0],"21":[0,0],"22":[0,0],"23":[0,0],"24":[0,0],"25":[0,0],"26":[0,0],"27":[0,0],"28":[0,0],"29":[0,0],"30":[0,0],"31":[0,0],"32":[0,0],"33":[0,0],"34":[0,0],"35":[0,0],"36":[0,0],"37":[0,0],"38":[0,0],"39":[0,0]},"_coverageSchema":"1a1c01bbd47fc00a2c39e90264f33305004495a9","hash":"4dc4e494fc1b77d044a9411d8ce6fbbf64cce9de"}
,"C:\\Users\\H442163\\Desktop\\asset_health_analyzer_oc_frontend-bugfix-pritam_chart@c5e37e92829\\src\\app\\src\\components\\paramIcon.tsx": {"path":"C:\\Users\\H442163\\Desktop\\asset_health_analyzer_oc_frontend-bugfix-pritam_chart@c5e37e92829\\src\\app\\src\\components\\paramIcon.tsx","statementMap":{"0":{"start":{"line":1,"column":13},"end":{"line":17,"column":2}},"1":{"start":{"line":19,"column":25},"end":{"line":34,"column":1}},"2":{"start":{"line":21,"column":4},"end":{"line":32,"column":10}},"3":{"start":{"line":22,"column":8},"end":{"line":26,"column":10}},"4":{"start":{"line":28,"column":8},"end":{"line":32,"column":10}}},"fnMap":{"0":{"name":"(anonymous_0)","decl":{"start":{"line":19,"column":25},"end":{"line":19,"column":26}},"loc":{"start":{"line":19,"column":47},"end":{"line":34,"column":1}},"line":19}},"branchMap":{"0":{"loc":{"start":{"line":21,"column":4},"end":{"line":32,"column":10}},"type":"if","locations":[{"start":{"line":21,"column":4},"end":{"line":32,"column":10}},{"start":{"line":21,"column":4},"end":{"line":32,"column":10}}],"line":21}},"s":{"0":1,"1":1,"2":0,"3":0,"4":0},"f":{"0":0},"b":{"0":[0,0]},"_coverageSchema":"1a1c01bbd47fc00a2c39e90264f33305004495a9","hash":"fceb65ede7990c2a59c0e22fe1c16a14bfab9300"}
,"C:\\Users\\H442163\\Desktop\\asset_health_analyzer_oc_frontend-bugfix-pritam_chart@c5e37e92829\\src\\app\\src\\components\\predictionChartComp.tsx": {"path":"C:\\Users\\H442163\\Desktop\\asset_health_analyzer_oc_frontend-bugfix-pritam_chart@c5e37e92829\\src\\app\\src\\components\\predictionChartComp.tsx","statementMap":{"0":{"start":{"line":16,"column":21},"end":{"line":16,"column":35}},"1":{"start":{"line":17,"column":18},"end":{"line":17,"column":36}},"2":{"start":{"line":18,"column":17},"end":{"line":18,"column":36}},"3":{"start":{"line":20,"column":19},"end":{"line":20,"column":34}},"4":{"start":{"line":21,"column":34},"end":{"line":21,"column":45}},"5":{"start":{"line":22,"column":26},"end":{"line":22,"column":40}},"6":{"start":{"line":23,"column":28},"end":{"line":25,"column":7}},"7":{"start":{"line":26,"column":26},"end":{"line":26,"column":37}},"8":{"start":{"line":27,"column":38},"end":{"line":27,"column":52}},"9":{"start":{"line":28,"column":36},"end":{"line":28,"column":51}},"10":{"start":{"line":29,"column":32},"end":{"line":29,"column":47}},"11":{"start":{"line":30,"column":44},"end":{"line":30,"column":58}},"12":{"start":{"line":31,"column":30},"end":{"line":31,"column":45}},"13":{"start":{"line":32,"column":30},"end":{"line":32,"column":45}},"14":{"start":{"line":33,"column":17},"end":{"line":33,"column":35}},"15":{"start":{"line":37,"column":8},"end":{"line":37,"column":56}},"16":{"start":{"line":37,"column":49},"end":{"line":37,"column":56}},"17":{"start":{"line":39,"column":8},"end":{"line":39,"column":25}},"18":{"start":{"line":41,"column":22},"end":{"line":41,"column":61}},"19":{"start":{"line":42,"column":8},"end":{"line":42,"column":29}},"20":{"start":{"line":44,"column":24},"end":{"line":44,"column":48}},"21":{"start":{"line":45,"column":8},"end":{"line":45,"column":31}},"22":{"start":{"line":46,"column":8},"end":{"line":46,"column":33}},"23":{"start":{"line":48,"column":8},"end":{"line":48,"column":26}},"24":{"start":{"line":49,"column":8},"end":{"line":49,"column":28}},"25":{"start":{"line":50,"column":8},"end":{"line":50,"column":31}},"26":{"start":{"line":52,"column":8},"end":{"line":52,"column":31}},"27":{"start":{"line":59,"column":8},"end":{"line":59,"column":38}},"28":{"start":{"line":59,"column":28},"end":{"line":59,"column":38}},"29":{"start":{"line":61,"column":22},"end":{"line":61,"column":24}},"30":{"start":{"line":63,"column":8},"end":{"line":88,"column":9}},"31":{"start":{"line":65,"column":23},"end":{"line":71,"column":13}},"32":{"start":{"line":73,"column":12},"end":{"line":81,"column":13}},"33":{"start":{"line":74,"column":16},"end":{"line":74,"column":38}},"34":{"start":{"line":75,"column":16},"end":{"line":75,"column":95}},"35":{"start":{"line":76,"column":16},"end":{"line":76,"column":110}},"36":{"start":{"line":76,"column":81},"end":{"line":76,"column":108}},"37":{"start":{"line":77,"column":16},"end":{"line":77,"column":108}},"38":{"start":{"line":77,"column":75},"end":{"line":77,"column":106}},"39":{"start":{"line":78,"column":16},"end":{"line":78,"column":91}},"40":{"start":{"line":78,"column":85},"end":{"line":78,"column":89}},"41":{"start":{"line":80,"column":16},"end":{"line":80,"column":59}},"42":{"start":{"line":83,"column":12},"end":{"line":83,"column":37}},"43":{"start":{"line":84,"column":12},"end":{"line":84,"column":45}},"44":{"start":{"line":86,"colum
[...]
umn":7}},"6":{"start":{"line":18,"column":10},"end":{"line":18,"column":37}},"7":{"start":{"line":23,"column":26},"end":{"line":23,"column":82}},"8":{"start":{"line":25,"column":8},"end":{"line":60,"column":10}},"9":{"start":{"line":42,"column":36},"end":{"line":42,"column":68}},"10":{"start":{"line":49,"column":36},"end":{"line":49,"column":71}},"11":{"start":{"line":55,"column":56},"end":{"line":55,"column":90}},"12":{"start":{"line":63,"column":2},"end":{"line":82,"column":8}},"13":{"start":{"line":64,"column":43},"end":{"line":64,"column":63}},"14":{"start":{"line":75,"column":59},"end":{"line":75,"column":85}}},"fnMap":{"0":{"name":"FaultyData","decl":{"start":{"line":7,"column":24},"end":{"line":7,"column":34}},"loc":{"start":{"line":7,"column":92},"end":{"line":83,"column":1}},"line":7},"1":{"name":"ShowEachTable","decl":{"start":{"line":21,"column":13},"end":{"line":21,"column":26}},"loc":{"start":{"line":21,"column":50},"end":{"line":61,"column":7}},"line":21},"2":{"name":"(anonymous_2)","decl":{"start":{"line":41,"column":42},"end":{"line":41,"column":43}},"loc":{"start":{"line":42,"column":36},"end":{"line":42,"column":68}},"line":42},"3":{"name":"(anonymous_3)","decl":{"start":{"line":48,"column":42},"end":{"line":48,"column":43}},"loc":{"start":{"line":49,"column":36},"end":{"line":49,"column":71}},"line":49},"4":{"name":"(anonymous_4)","decl":{"start":{"line":55,"column":42},"end":{"line":55,"column":43}},"loc":{"start":{"line":55,"column":56},"end":{"line":55,"column":90}},"line":55},"5":{"name":"(anonymous_5)","decl":{"start":{"line":64,"column":37},"end":{"line":64,"column":38}},"loc":{"start":{"line":64,"column":43},"end":{"line":64,"column":63}},"line":64},"6":{"name":"(anonymous_6)","decl":{"start":{"line":75,"column":32},"end":{"line":75,"column":33}},"loc":{"start":{"line":75,"column":59},"end":{"line":75,"column":85}},"line":75}},"branchMap":{"0":{"loc":{"start":{"line":12,"column":6},"end":{"line":19,"column":7}},"type":"if","locations":[{"start":{"line":12,"column":6},"end":{"line":19,"column":7}},{"start":{"line":12,"column":6},"end":{"line":19,"column":7}}],"line":12},"1":{"loc":{"start":{"line":16,"column":11},"end":{"line":19,"column":7}},"type":"if","locations":[{"start":{"line":16,"column":11},"end":{"line":19,"column":7}},{"start":{"line":16,"column":11},"end":{"line":19,"column":7}}],"line":16}},"s":{"0":0,"1":0,"2":0,"3":0,"4":0,"5":0,"6":0,"7":0,"8":0,"9":0,"10":0,"11":0,"12":0,"13":0,"14":0},"f":{"0":0,"1":0,"2":0,"3":0,"4":0,"5":0,"6":0},"b":{"0":[0,0],"1":[0,0]},"_coverageSchema":"1a1c01bbd47fc00a2c39e90264f33305004495a9","hash":"5d4ffad3ca81eb2d55b9dfaf818fa487bc4d0398"}
,"C:\\Users\\H442163\\Desktop\\asset_health_analyzer_oc_frontend-bugfix-pritam_chart@c5e37e92829\\src\\app\\src\\pages\\Home.tsx": {"path":"C:\\Users\\H442163\\Desktop\\asset_health_analyzer_oc_frontend-bugfix-pritam_chart@c5e37e92829\\src\\app\\src\\pages\\Home.tsx","statementMap":{"0":{"start":{"line":11,"column":12},"end":{"line":11,"column":42}},"1":{"start":{"line":12,"column":12},"end":{"line":12,"column":42}},"2":{"start":{"line":13,"column":12},"end":{"line":13,"column":42}},"3":{"start":{"line":17,"column":4},"end":{"line":17,"column":17}},"4":{"start":{"line":18,"column":4},"end":{"line":19,"column":6}},"5":{"start":{"line":24,"column":4},"end":{"line":87,"column":6}},"6":{"start":{"line":51,"column":28},"end":{"line":51,"column":135}}},"fnMap":{"0":{"name":"(anonymous_0)","decl":{"start":{"line":16,"column":2},"end":{"line":16,"column":3}},"loc":{"start":{"line":16,"column":26},"end":{"line":20,"column":3}},"line":16},"1":{"name":"(anonymous_1)","decl":{"start":{"line":23,"column":2},"end":{"line":23,"column":3}},"loc":{"start":{"line":23,"column":11},"end":{"line":88,"column":3}},"line":23},"2":{"name":"(anonymous_2)","decl":{"start":{"line":50,"column":39},"end":{"line":50,"column":40}},"loc":{"start":{"line":50,"column":45},"end":{"line":52,"column":27}},"line":50}},"branchMap":{},"s":{"0":1,"1":1,"2":1,"3":0,"4":0,"5":0,"6":0},"f":{"0":0,"1":0,"2":0},"b":{},"_coverageSchema":"1a1c01bbd47fc00a2c39e90264f33305004495a9","hash":"d7844f3577e9fc6835ff0e2011972c6a043133c0"}
,"C:\\Users\\H442163\\Desktop\\asset_health_analyzer_oc_frontend-bugfix-pritam_chart@c5e37e92829\\src\\app\\src\\pages\\SelectAssets.tsx": {"path":"C:\\Users\\H442163\\Desktop\\asset_health_analyzer_oc_frontend-bugfix-pritam_chart@c5e37e92829\\src\\app\\src\\pages\\SelectAssets.tsx","statementMap":{"0":{"start":{"line":16,"column":21},"end":{"line":16,"column":35}},"1":{"start":{"line":17,"column":18},"end":{"line":17,"column":37}},"2":{"start":{"line":19,"column":4},"end":{"line":26,"column":8}},"3":{"start":{"line":20,"column":6},"end":{"line":22,"column":8}},"4":{"start":{"line":24,"column":6},"end":{"line":26,"column":8}},"5":{"start":{"line":32,"column":4},"end":{"line":32,"column":17}},"6":{"start":{"line":33,"column":4},"end":{"line":43,"column":6}},"7":{"start":{"line":48,"column":14},"end":{"line":48,"column":51}},"8":{"start":{"line":49,"column":67},"end":{"line":49,"column":69}},"9":{"start":{"line":51,"column":4},"end":{"line":59,"column":5}},"10":{"start":{"line":52,"column":17},"end":{"line":56,"column":7}},"11":{"start":{"line":58,"column":6},"end":{"line":58,"column":24}},"12":{"start":{"line":60,"column":4},"end":{"line":60,"column":56}},"13":{"start":{"line":60,"column":31},"end":{"line":60,"column":53}},"14":{"start":{"line":61,"column":4},"end":{"line":61,"column":54}},"15":{"start":{"line":61,"column":31},"end":{"line":61,"column":51}},"16":{"start":{"line":62,"column":4},"end":{"line":62,"column":39}},"17":{"start":{"line":66,"column":14},"end":{"line":66,"column":30}},"18":{"start":{"line":67,"column":4},"end":{"line":67,"column":15}},"19":{"start":{"line":72,"column":4},"end":{"line":72,"column":60}},"20":{"start":{"line":72,"column":31},"end":{"line":72,"column":57}},"21":{"start":{"line":74,"column":4},"end":{"line":78,"column":7}},"22":{"start":{"line":75,"column":6},"end":{"line":76,"column":29}},"23":{"start":{"line":76,"column":8},"end":{"line":76,"column":29}},"24":{"start":{"line":77,"column":6},"end":{"line":77,"column":15}},"25":{"start":{"line":80,"column":17},"end":{"line":83,"column":5}},"26":{"start":{"line":84,"column":4},"end":{"line":84,"column":51}},"27":{"start":{"line":84,"column":31},"end":{"line":84,"column":48}},"28":{"start":{"line":85,"column":4},"end":{"line":85,"column":34}},"29":{"start":{"line":90,"column":4},"end":{"line":90,"column":69}},"30":{"start":{"line":91,"column":4},"end":{"line":91,"column":42}},"31":{"start":{"line":92,"column":4},"end":{"line":92,"column":37}},"32":{"start":{"line":94,"column":4},"end":{"line":94,"column":37}},"33":{"start":{"line":95,"column":4},"end":{"line":95,"column":40}},"34":{"start":{"line":100,"column":4},"end":{"line":117,"column":10}},"35":{"start":{"line":101,"column":8},"end":{"line":106,"column":10}},"36":{"start":{"line":108,"column":8},"end":{"line":117,"column":10}},"37":{"start":{"line":115,"column":42},"end":{"line":115,"column":67}},"38":{"start":{"line":121,"column":31},"end":{"line":121,"column":41}},"39":{"start":{"line":122,"column":4},"end":{"line":197,"column":6}},"40":{"start":{"line":184,"column":71},"end":{"line":184,"column":87}}},"fnMap":{"0":{"name":"SelectAssets","decl":{"start":{"line":14,"column":24},"end":{"line":14,"column":36}},"loc":{"start":{"line":14,"column":49},"end":{"line":27,"column":1}},"line":14},"1":{"name":"(anonymous_1)","decl":{"start":{"line":31,"column":2},"end":{"line":31,"column":3}},"loc":{"start":{"line":31,"column":26},"end":{"line":44,"column":3}},"line":31},"2":{"name":"(anonymous_2)","decl":{"start":{"line":46,"column":2},"end":{"line":46,"column":3}},"loc":{"start":{"line":46,"column":28},"end":{"line":63,"column":3}},"line":46},"3":{"name":"(anonymous_3)","decl":{"start":{"line":60,"column":24},"end":{"line":60,"column":25}},"loc":{"start":{"line":60,"column":31},"end":{"line":60,"column":53}},"line":60},"4":{"name":"(anonymous_4)","decl":{"start":{"line":61,"column":24},"end":{"line":61,"column":25}},"loc":{"start":{"line":61,"column":31},"end":{"line":61,"column":51}},"line":61},"5":{"name":"(anonymous_5)","decl":{"start":{"line":65,"column":2},"end":{"line":65,"column":3}},"loc":{"start":{"line":65,"column":35},"end":{"line":68,"column":3}},"line":65},"6":{"name":"(anonymous_6)","decl":{"start":{"line":70,"column":2},"end":{"line":70,"column":3}},"loc":{"start":{"line":70,"column":34},"end":{"line":86,"column":3}},"line":70},"7":{"name":"(anonymous_7)","decl":{"start":{"line":72,"column":24},"end":{"line":72,"column":25}},"loc":{"start":{"line":72,"column":31},"end":{"line":72,"column":57}},"line":72},"8":{"name":"(anonymous_8)","decl":{"start":{"line":74,"column":30},"end":{"line":74,"column":31}},"loc":{"start":{"line":74,"column":45},"end":{"line":78,"column":5}},"line":74},"9":{"name":"(anonymous_9)","decl":{"start":{"line":84,"column":24},"end":{"line":84,"column":25}},"loc":{"start":{"line":84,"column":31},"end":{"line":84,"column":48}},"line":84},"10":{"name":"(anonymous_10)","decl":{"start":{"line":88,"column":2},"end":{"line":88,"column":3}},"loc":{"start":{"line":89,"column":2},"end":{"line":96,"column":3}},"line":89},"11":{"name":"(anonymous_11)","decl":{"start":{"line":98,"column":2},"end":{"line":98,"column":3}},"loc":{"start":{"line":98,"column":15},"end":{"line":118,"column":3}},"line":98},"12":{"name":"(anonymous_12)","decl":{"start":{"line":115,"column":26},"end":{"line":115,"column":27}},"loc":{"start":{"line":115,"column":42},"end":{"line":115,"column":67}},"line":115},"13":{"name":"(anonymous_13)","decl":{"start":{"line":120,"column":2},"end":{"line":120,"column":3}},"loc":{"start":{"line":120,"column":11},"end":{"line":198,"column":3}},"line":120},"14":{"name":"(anonymous_14)","decl":{"start":{"line":184,"column":65},"end":{"line":184,"column":66}},"loc":{"start":{"line":184,"column":71},"end":{"line":184,"column":87}},"line":184}},"branchMap":{"0":{"loc":{"start":{"line":19,"column":4},"end":{"line":26,"column":8}},"type":"if","locations":[{"start":{"line":19,"column":4},"end":{"line":26,"column":8}},{"start":{"line":19,"column":4},"end":{"line":26,"column":8}}],"line":19},"1":{"loc":{"start":{"line":19,"column":7},"end":{"line":19,"column":76}},"type":"binary-expr","locations":[{"start":{"line":19,"column":7},"end":{"line":19,"column":20}},{"start":{"line":19,"column":26},"end":{"line":19,"column":74}}],"line":19},"2":{"loc":{"start":{"line":75,"column":6},"end":{"line":76,"column":29}},"type":"if","locations":[{"start":{"line":75,"column":6},"end":{"line":76,"column":29}},{"start":{"line":75,"column":6},"end":{"line":76,"column":29}}],"line":75},"3":{"loc":{"start":{"line":100,"column":4},"end":{"line":117,"column":10}},"type":"if","locations":[{"start":{"line":100,"column":4},"end":{"line":117,"column":10}},{"start":{"line":100,"column":4},"end":{"line":117,"column":10}}],"line":100}},"s":{"0":0,"1":0,"2":0,"3":0,"4":0,"5":0,"6":0,"7":0,"8":0,"9":0,"10":0,"11":0,"12":0,"13":0,"14":0,"15":0,"16":0,"17":0,"18":0,"19":0,"20":0,"21":0,"22":0,"23":0,"24":0,"25":0,"26":0,"27":0,"28":0,"29":0,"30":0,"31":0,"32":0,"33":0,"34":0,"35":0,"36":0,"37":0,"38":0,"39":0,"40":0},"f":{"0":0,"1":0,"2":0,"3":0,"4":0,"5":0,"6":0,"7":0,"8":0,"9":0,"10":0,"11":0,"12":0,"13":0,"14":0},"b":{"0":[0,0],"1":[0,0],"2":[0,0],"3":[0,0]},"_coverageSchema":"1a1c01bbd47fc00a2c39e90264f33305004495a9","hash":"e5cc9b9a937388d1f50ec3d2603fde6cc17dd0a3"}
,"C:\\Users\\H442163\\Desktop\\asset_health_analyzer_oc_frontend-bugfix-pritam_chart@c5e37e92829\\src\\app\\src\\pages\\UpdateVariables.tsx": {"path":"C:\\Users\\H442163\\Desktop\\asset_health_analyzer_oc_frontend-bugfix-pritam_chart@c5e37e92829\\src\\app\\src\\pages\\UpdateVariables.tsx","statementMap":{"0":{"start":{"line":16,"column":19},"end":{"line":16,"column":33}},"1":{"start":{"line":17,"column":16},"end":{"line":17,"column":35}},"2":{"start":{"line":19,"column":2},"end":{"line":26,"column":6}},"3":{"start":{"line":20,"column":4},"end":{"line":22,"column":6}},"4":{"start":{"line":24,"column":4},"end":{"line":26,"column":6}},"5":{"start":{"line":31,"column":4},"end":{"line":31,"column":17}},"6":{"start":{"line":32,"column":4},"end":{"line":38,"column":6}},"7":{"start":{"line":43,"column":14},"end":{"line":43,"column":51}},"8":{"start":{"line":44,"column":53},"end":{"line":44,"column":55}},"9":{"start":{"line":46,"column":4},"end":{"line":53,"column":5}},"10":{"start":{"line":47,"column":17},"end":{"line":50,"column":7}},"11":{"start":{"line":52,"column":6},"end":{"line":52,"column":24}},"12":{"start":{"line":54,"column":4},"end":{"line":54,"column":56}},"13":{"start":{"line":54,"column":31},"end":{"line":54,"column":53}},"14":{"start":{"line":55,"column":4},"end":{"line":55,"column":54}},"15":{"start":{"line":55,"column":31},"end":{"line":55,"column":51}},"16":{"start":{"line":56,"column":4},"end":{"line":56,"column":39}},"17":{"start":{"line":61,"column":4},"end":{"line":61,"column":60}},"18":{"start":{"line":61,"column":31},"end":{"line":61,"column":57}},"19":{"start":{"line":62,"column":18},"end":{"line":64,"column":4}},"20":{"start":{"line":63,"column":6},"end":{"line":63,"column":44}},"21":{"start":{"line":65,"column":17},"end":{"line":67,"column":5}},"22":{"start":{"line":68,"column":4},"end":{"line":68,"column":53}},"23":{"start":{"line":68,"column":31},"end":{"line":68,"column":50}},"24":{"start":{"line":69,"column":4},"end":{"line":69,"column":36}},"25":{"start":{"line":74,"column":4},"end":{"line":74,"column":75}},"26":{"start":{"line":75,"column":4},"end":{"line":75,"column":37}},"27":{"start":{"line":77,"column":17},"end":{"line":77,"column":51}},"28":{"start":{"line":78,"column":4},"end":{"line":78,"column":44}},"29":{"start":{"line":79,"column":4},"end":{"line":79,"column":37}},"30":{"start":{"line":80,"column":4},"end":{"line":80,"column":44}},"31":{"start":{"line":81,"column":4},"end":{"line":81,"column":40}},"32":{"start":{"line":86,"column":4},"end":{"line":102,"column":10}},"33":{"start":{"line":87,"column":8},"end":{"line":92,"column":10}},"34":{"start":{"line":94,"column":8},"end":{"line":102,"column":10}},"35":{"start":{"line":100,"column":42},"end":{"line":100,"column":67}},"36":{"start":{"line":106,"column":31},"end":{"line":106,"column":41}},"37":{"start":{"line":107,"column":4},"end":{"line":185,"column":6}},"38":{"start":{"line":172,"column":73},"end":{"line":172,"column":89}}},"fnMap":{"0":{"name":"UpdateVariables","decl":{"start":{"line":14,"column":24},"end":{"line":14,"column":39}},"loc":{"start":{"line":14,"column":52},"end":{"line":27,"column":1}},"line":14},"1":{"name":"(anonymous_1)","decl":{"start":{"line":30,"column":2},"end":{"line":30,"column":3}},"loc":{"start":{"line":30,"column":26},"end":{"line":39,"column":3}},"line":30},"2":{"name":"(anonymous_2)","decl":{"start":{"line":41,"column":2},"end":{"line":41,"column":3}},"loc":{"start":{"line":41,"column":28},"end":{"line":57,"column":3}},"line":41},"3":{"name":"(anonymous_3)","decl":{"start":{"line":54,"column":24},"end":{"line":54,"column":25}},"loc":{"start":{"line":54,"column":31},"end":{"line":54,"column":53}},"line":54},"4":{"name":"(anonymous_4)","decl":{"start":{"line":55,"column":24},"end":{"line":55,"column":25}},"loc":{"start":{"line":55,"column":31},"end":{"line":55,"column":51}},"line":55},"5":{"name":"(anonymous_5)","decl":{"start":{"line":59,"column":2},"end":{"line":59,"column":3}},"loc":{"start":{"line":59,"column":34},"end":{"line":70,"column":3}},"line":59},"6":{"name":"(anonymous_6)","decl":{"start":{"line":61,"column":24},"end":{"line":61,"column":25}},"loc":{"start":{"line":61,"column":31},"end":{"line":61,"column":57}},"line":61},"7":{"name":"(anonymous_7)","decl":{"start":{"line":62,"column":31},"end":{"line":62,"column":32}},"loc":{"start":{"line":62,"column":73},"end":{"line":64,"column":3}},"line":62},"8":{"name":"(anonymous_8)","decl":{"start":{"line":68,"column":24},"end":{"line":68,"column":25}},"loc":{"start":{"line":68,"column":31},"end":{"line":68,"column":50}},"line":68},"9":{"name":"(anonymous_9)","decl":{"start":{"line":72,"column":2},"end":{"line":72,"column":3}},"loc":{"start":{"line":73,"column":2},"end":{"line":82,"column":3}},"line":73},"10":{"name":"(anonymous_10)","decl":{"start":{"line":84,"column":2},"end":{"line":84,"column":3}},"loc":{"start":{"line":84,"column":15},"end":{"line":103,"column":3}},"line":84},"11":{"name":"(anonymous_11)","decl":{"start":{"line":100,"column":26},"end":{"line":100,"column":27}},"loc":{"start":{"line":100,"column":42},"end":{"line":100,"column":67}},"line":100},"12":{"name":"(anonymous_12)","decl":{"start":{"line":105,"column":2},"end":{"line":105,"column":3}},"loc":{"start":{"line":105,"column":11},"end":{"line":186,"column":3}},"line":105},"13":{"name":"(anonymous_13)","decl":{"start":{"line":172,"column":67},"end":{"line":172,"column":68}},"loc":{"start":{"line":172,"column":73},"end":{"line":172,"column":89}},"line":172}},"branchMap":{"0":{"loc":{"start":{"line":19,"column":2},"end":{"line":26,"column":6}},"type":"if","locations":[{"start":{"line":19,"column":2},"end":{"line":26,"column":6}},{"start":{"line":19,"column":2},"end":{"line":26,"column":6}}],"line":19},"1":{"loc":{"start":{"line":19,"column":5},"end":{"line":19,"column":74}},"type":"binary-expr","locations":[{"start":{"line":19,"column":5},"end":{"line":19,"column":18}},{"start":{"line":19,"column":24},"end":{"line":19,"column":72}}],"line":19},"2":{"loc":{"start":{"line":86,"column":4},"end":{"line":102,"column":10}},"type":"if","locations":[{"start":{"line":86,"column":4},"end":{"line":102,"column":10}},{"start":{"line":86,"column":4},"end":{"line":102,"column":10}}],"line":86}},"s":{"0":0,"1":0,"2":0,"3":0,"4":0,"5":0,"6":0,"7":0,"8":0,"9":0,"10":0,"11":0,"12":0,"13":0,"14":0,"15":0,"16":0,"17":0,"18":0,"19":0,"20":0,"21":0,"22":0,"23":0,"24":0,"25":0,"26":0,"27":0,"28":0,"29":0,"30":0,"31":0,"32":0,"33":0,"34":0,"35":0,"36":0,"37":0,"38":0},"f":{"0":0,"1":0,"2":0,"3":0,"4":0,"5":0,"6":0,"7":0,"8":0,"9":0,"10":0,"11":0,"12":0,"13":0},"b":{"0":[0,0],"1":[0,0],"2":[0,0]},"_coverageSchema":"1a1c01bbd47fc00a2c39e90264f33305004495a9","hash":"eafda993172d075c2eb0bd0584c4a2a8644add51"}
,"C:\\Users\\H442163\\Desktop\\asset_health_analyzer_oc_frontend-bugfix-pritam_chart@c5e37e92829\\src\\app\\src\\routes\\index.tsx": {"path":"C:\\Users\\H442163\\Desktop\\asset_health_analyzer_oc_frontend-bugfix-pritam_chart@c5e37e92829\\src\\app\\src\\routes\\index.tsx","statementMap":{"0":{"start":{"line":11,"column":4},"end":{"line":13,"column":15}},"1":{"start":{"line":16,"column":31},"end":{"line":30,"column":1}},"2":{"start":{"line":18,"column":4},"end":{"line":29,"column":6}}},"fnMap":{"0":{"name":"(anonymous_0)","decl":{"start":{"line":16,"column":31},"end":{"line":16,"column":32}},"loc":{"start":{"line":16,"column":37},"end":{"line":30,"column":1}},"line":16}},"branchMap":{},"s":{"0":0,"1":0,"2":0},"f":{"0":0},"b":{}}
,"C:\\Users\\H442163\\Desktop\\asset_health_analyzer_oc_frontend-bugfix-pritam_chart@c5e37e92829\\src\\app\\src\\stores\\globalstore\\GlobalStore.ts": {"path":"C:\\Users\\H442163\\Desktop\\asset_health_analyzer_oc_frontend-bugfix-pritam_chart@c5e37e92829\\src\\app\\src\\stores\\globalstore\\GlobalStore.ts","statementMap":{"0":{"start":{"line":4,"column":30},"end":{"line":4,"column":35}},"1":{"start":{"line":7,"column":31},"end":{"line":7,"column":88}},"2":{"start":{"line":11,"column":8},"end":{"line":11,"column":37}},"3":{"start":{"line":16,"column":8},"end":{"line":16,"column":29}}},"fnMap":{"0":{"name":"(anonymous_0)","decl":{"start":{"line":9,"column":4},"end":{"line":9,"column":5}},"loc":{"start":{"line":10,"column":34},"end":{"line":12,"column":5}},"line":10},"1":{"name":"(anonymous_1)","decl":{"start":{"line":14,"column":4},"end":{"line":14,"column":5}},"loc":{"start":{"line":15,"column":35},"end":{"line":17,"column":5}},"line":15}},"branchMap":{},"s":{"0":0,"1":0,"2":0,"3":0},"f":{"0":0,"1":0},"b":{}}
}
