TN:
SF:src\App.tsx
FN:11,(anonymous_0)
FNF:1
FNH:0
FNDA:0,(anonymous_0)
DA:12,0
LF:1
LH:0
BRF:0
BRH:0
end_of_record
TN:
SF:src\Store.ts
FNF:0
FNH:0
LF:0
LH:0
BRF:0
BRH:0
end_of_record
TN:
SF:src\UserManagerConfig.ts
FNF:0
FNH:0
DA:3,0
DA:4,0
DA:5,0
DA:6,0
DA:8,0
LF:5
LH:0
BRF:0
BRH:0
end_of_record
TN:
SF:src\react-app-env.d.ts
FNF:0
FNH:0
LF:0
LH:0
BRF:0
BRH:0
end_of_record
TN:
SF:src\reportWebVitals.ts
FN:3,(anonymous_0)
FN:5,(anonymous_1)
FNF:2
FNH:0
FNDA:0,(anonymous_0)
FNDA:0,(anonymous_1)
DA:3,0
DA:4,0
DA:5,0
DA:6,0
DA:7,0
DA:8,0
DA:9,0
DA:10,0
LF:8
LH:0
BRDA:4,0,0,0
BRDA:4,0,1,0
BRDA:4,1,0,0
BRDA:4,1,1,0
BRF:4
BRH:0
end_of_record
TN:
SF:src\components\CustomRoutes.tsx
FN:14,(anonymous_0)
FN:17,(anonymous_1)
FN:23,(anonymous_2)
FN:26,(anonymous_3)
FN:30,(anonymous_4)
FN:32,(anonymous_5)
FN:39,(anonymous_6)
FN:50,(anonymous_7)
FN:57,(anonymous_8)
FNF:9
FNH:0
FNDA:0,(anonymous_0)
FNDA:0,(anonymous_1)
FNDA:0,(anonymous_2)
FNDA:0,(anonymous_3)
FNDA:0,(anonymous_4)
FNDA:0,(anonymous_5)
FNDA:0,(anonymous_6)
FNDA:0,(anonymous_7)
FNDA:0,(anonymous_8)
DA:14,0
DA:15,0
DA:18,0
DA:23,0
DA:24,0
DA:26,0
DA:30,0
DA:31,0
DA:32,0
DA:33,0
DA:36,0
DA:40,0
DA:49,0
DA:51,0
DA:52,0
DA:54,0
DA:58,0
LF:17
LH:0
BRDA:58,0,0,0
BRDA:58,0,1,0
BRF:2
BRH:0
end_of_record
TN:
SF:src\components\Data.ts
FN:4,changeData
FN:19,fetchFaultyData
FN:32,(anonymous_2)
FN:37,(anonymous_3)
FN:39,(anonymous_4)
FN:43,(anonymous_5)
FN:52,handleFaults
FN:58,(anonymous_7)
FN:65,handleTimestamps
FN:70,(anonymous_9)
FN:79,fetchFaultyPredData
FN:92,(anonymous_11)
FN:98,(anonymous_12)
FN:102,(anonymous_13)
FNF:14
FNH:12
FNDA:2,changeData
FNDA:1,fetchFaultyData
FNDA:0,(anonymous_2)
FNDA:6,(anonymous_3)
FNDA:6,(anonymous_4)
FNDA:6,(anonymous_5)
FNDA:1,handleFaults
FNDA:6,(anonymous_7)
FNDA:2,handleTimestamps
FNDA:12,(anonymous_9)
FNDA:3,fetchFaultyPredData
FNDA:0,(anonymous_11)
FNDA:4,(anonymous_12)
FNDA:4,(anonymous_13)
DA:2,1
DA:5,2
DA:6,2
DA:8,2
DA:9,6
DA:10,6
DA:11,6
DA:12,6
DA:13,6
DA:16,2
DA:21,1
DA:22,1
DA:24,1
DA:26,1
DA:29,2
DA:31,2
DA:33,0
DA:34,0
DA:35,0
DA:37,6
DA:39,6
DA:43,2
DA:44,6
DA:47,2
DA:49,1
DA:53,1
DA:55,1
DA:58,6
DA:60,2
DA:62,1
DA:66,2
DA:68,2
DA:70,4
DA:71,12
DA:74,4
DA:76,2
DA:80,3
DA:82,2
DA:84,2
DA:85,2
DA:87,2
DA:89,1
DA:91,1
DA:93,0
DA:94,0
DA:95,0
DA:98,4
DA:102,1
DA:103,4
DA:106,2
DA:108,2
LF:51
LH:45
BRDA:22,0,0,0
BRDA:22,0,1,1
BRDA:29,1,0,2
BRDA:29,1,1,0
BRDA:29,2,0,2
BRDA:29,2,1,2
BRDA:31,3,0,0
BRDA:31,3,1,2
BRDA:33,4,0,0
BRDA:33,4,1,0
BRDA:34,5,0,0
BRDA:34,5,1,0
BRDA:35,6,0,0
BRDA:35,6,1,0
BRDA:35,7,0,0
BRDA:35,7,1,0
BRDA:80,8,0,1
BRDA:80,8,1,2
BRDA:87,9,0,1
BRDA:87,9,1,1
BRDA:89,10,0,1
BRDA:89,10,1,0
BRDA:89,11,0,1
BRDA:89,11,1,1
BRDA:91,12,0,0
BRDA:91,12,1,1
BRDA:93,13,0,0
BRDA:93,13,1,0
BRDA:94,14,0,0
BRDA:94,14,1,0
BRDA:95,15,0,0
BRDA:95,15,1,0
BRDA:95,16,0,0
BRDA:95,16,1,0
BRF:34
BRH:13
end_of_record
TN:
SF:src\components\Footer.tsx
FN:3,(anonymous_0)
FNF:1
FNH:0
FNDA:0,(anonymous_0)
DA:3,0
DA:4,0
LF:2
LH:0
BRF:0
BRH:0
end_of_record
TN:
SF:src\components\Header.tsx
FN:9,(anonymous_0)
FN:23,(anonymous_1)
FN:24,(anonymous_2)
FN:25,(anonymous_3)
FN:26,(anonymous_4)
FN:33,(anonymous_5)
FN:37,(anonymous_6)
FN:40,(anonymous_7)
FNF:8
FNH:0
FNDA:0,(anonymous_0)
FNDA:0,(anonymous_1)
FNDA:0,(anonymous_2)
FNDA:0,(anonymous_3)
FNDA:0,(anonymous_4)
FNDA:0,(anonymous_5)
FNDA:0,(anonymous_6)
FNDA:0,(anonymous_7)
DA:9,0
DA:10,0
DA:11,0
DA:12,0
DA:13,0
DA:14,0
DA:15,0
DA:16,0
DA:23,0
DA:24,0
DA:25,0
DA:26,0
DA:33,0
DA:37,0
DA:41,0
DA:42,0
LF:16
LH:0
BRDA:13,0,0,0
BRDA:13,0,1,0
BRDA:28,1,0,0
BRDA:28,1,1,0
BRF:4
BRH:0
end_of_record
TN:
SF:src\components\SideBar.tsx
FN:12,(anonymous_0)
FN:22,(anonymous_1)
FN:30,(anonymous_2)
FNF:3
FNH:0
FNDA:0,(anonymous_0)
FNDA:0,(anonymous_1)
FNDA:0,(anonymous_2)
DA:10,0
DA:12,0
DA:13,0
DA:15,0
DA:16,0
DA:17,0
DA:19,0
DA:23,0
DA:24,0
DA:25,0
DA:26,0
DA:30,0
DA:37,0
LF:13
LH:0
BRDA:23,0,0,0
BRDA:23,0,1,0
BRF:2
BRH:0
end_of_record
TN:
SF:src\components\chartComp.tsx
FN:24,ChartComp
FN:47,fetchData
FN:58,(anonymous_2)
FN:78,handleAPI
FN:86,(anonymous_4)
FN:101,showChart
FN:121,(anonymous_6)
FN:126,(anonymous_7)
FN:143,showPie
FN:150,(anonymous_9)
FN:158,(anonymous_10)
FN:161,(anonymous_11)
FN:162,(anonymous_12)
FN:187,toggleLoader
FN:198,toggleChartContent
FN:227,(anonymous_15)
FN:246,(anonymous_16)
FN:256,openModal
FN:263,togglePieContent
FN:269,(anonymous_19)
FN:275,updateDate
FN:279,showRadio
FN:280,(anonymous_22)
FN:300,(anonymous_23)
FN:303,(anonymous_24)
FN:305,(anonymous_25)
FN:323,(anonymous_26)
FNF:27
FNH:0
FNDA:0,ChartComp
FNDA:0,fetchData
FNDA:0,(anonymous_2)
FNDA:0,handleAPI
FNDA:0,(anonymous_4)
FNDA:0,showChart
FNDA:0,(anonymous_6)
FNDA:0,(anonymous_7)
FNDA:0,showPie
FNDA:0,(anonymous_9)
FNDA:0,(anonymous_10)
FNDA:0,(anonymous_11)
FNDA:0,(anonymous_12)
FNDA:0,toggleLoader
FNDA:0,toggleChartContent
FNDA:0,(anonymous_15)
FNDA:0,(anonymous_16)
FNDA:0,openModal
FNDA:0,togglePieContent
FNDA:0,(anonymous_19)
FNDA:0,updateDate
FNDA:0,showRadio
FNDA:0,(anonymous_22)
FNDA:0,(anonymous_23)
FNDA:0,(anonymous_24)
FNDA:0,(anonymous_25)
FNDA:0,(anonymous_26)
DA:15,1
DA:27,0
DA:28,0
DA:29,0
DA:30,0
DA:32,0
DA:33,0
DA:34,0
DA:35,0
DA:36,0
DA:37,0
DA:38,0
DA:39,0
DA:40,0
DA:41,0
DA:42,0
DA:43,0
DA:44,0
DA:45,0
DA:49,0
DA:50,0
DA:51,0
DA:53,0
DA:54,0
DA:56,0
DA:58,0
DA:59,0
DA:63,0
DA:64,0
DA:65,0
DA:67,0
DA:68,0
DA:69,0
DA:71,0
DA:72,0
DA:73,0
DA:74,0
DA:80,0
DA:82,0
DA:85,0
DA:86,0
DA:88,0
DA:91,0
DA:93,0
DA:97,0
DA:103,0
DA:104,0
DA:116,0
DA:117,0
DA:118,0
DA:119,0
DA:120,0
DA:122,0
DA:123,0
DA:124,0
DA:127,0
DA:130,0
DA:131,0
DA:133,0
DA:145,0
DA:146,0
DA:148,0
DA:149,0
DA:151,0
DA:152,0
DA:153,0
DA:157,0
DA:158,0
DA:159,0
DA:160,0
DA:161,0
DA:162,0
DA:164,0
DA:189,0
DA:190,0
DA:200,0
DA:201,0
DA:208,0
DA:209,0
DA:220,0
DA:222,0
DA:227,0
DA:247,0
DA:257,0
DA:259,0
DA:265,0
DA:266,0
DA:269,0
DA:276,0
DA:280,0
DA:283,0
DA:284,0
DA:287,0
DA:288,0
DA:297,0
DA:300,0
DA:303,0
DA:305,0
DA:323,0
LF:99
LH:1
BRDA:56,0,0,0
BRDA:56,0,1,0
BRDA:103,1,0,0
BRDA:103,1,1,0
BRDA:103,2,0,0
BRDA:103,2,1,0
BRDA:119,3,0,0
BRDA:119,3,1,0
BRDA:119,4,0,0
BRDA:119,4,1,0
BRDA:120,5,0,0
BRDA:120,5,1,0
BRDA:122,6,0,0
BRDA:122,6,1,0
BRDA:123,7,0,0
BRDA:123,7,1,0
BRDA:124,8,0,0
BRDA:124,8,1,0
BRDA:124,9,0,0
BRDA:124,9,1,0
BRDA:127,10,0,0
BRDA:127,10,1,0
BRDA:145,11,0,0
BRDA:145,11,1,0
BRDA:145,12,0,0
BRDA:145,12,1,0
BRDA:148,13,0,0
BRDA:148,13,1,0
BRDA:148,14,0,0
BRDA:148,14,1,0
BRDA:149,15,0,0
BRDA:149,15,1,0
BRDA:151,16,0,0
BRDA:151,16,1,0
BRDA:152,17,0,0
BRDA:152,17,1,0
BRDA:153,18,0,0
BRDA:153,18,1,0
BRDA:153,19,0,0
BRDA:153,19,1,0
BRDA:189,20,0,0
BRDA:189,20,1,0
BRDA:200,21,0,0
BRDA:200,21,1,0
BRDA:200,22,0,0
BRDA:200,22,1,0
BRDA:208,23,0,0
BRDA:208,23,1,0
BRDA:208,24,0,0
BRDA:208,24,1,0
BRDA:257,25,0,0
BRDA:257,25,1,0
BRDA:265,26,0,0
BRDA:265,26,1,0
BRDA:265,27,0,0
BRDA:265,27,1,0
BRDA:265,27,2,0
BRDA:283,28,0,0
BRDA:283,28,1,0
BRDA:283,29,0,0
BRDA:283,29,1,0
BRDA:287,30,0,0
BRDA:287,30,1,0
BRF:63
BRH:0
end_of_record
TN:
SF:src\components\colorParams.ts
FN:1,(anonymous_0)
FNF:1
FNH:1
FNDA:3,(anonymous_0)
DA:1,1
DA:2,3
LF:2
LH:2
BRF:0
BRH:0
end_of_record
TN:
SF:src\components\customSlider.tsx
FNF:0
FNH:0
DA:4,1
LF:1
LH:1
BRF:0
BRH:0
end_of_record
TN:
SF:src\components\liveChartComp.tsx
FN:17,(anonymous_0)
FN:23,(anonymous_1)
FN:27,LiveChartComp
FN:34,(anonymous_3)
FN:41,(anonymous_4)
FN:60,SocketHandler
FN:82,(anonymous_6)
FN:84,(anonymous_7)
FN:94,(anonymous_8)
FN:97,(anonymous_9)
FN:106,(anonymous_10)
FN:113,(anonymous_11)
FN:147,showChart
FN:164,(anonymous_13)
FN:165,(anonymous_14)
FN:167,(anonymous_15)
FN:170,(anonymous_16)
FN:175,(anonymous_17)
FN:192,showPie
FN:199,(anonymous_19)
FN:207,(anonymous_20)
FN:210,(anonymous_21)
FN:211,(anonymous_22)
FN:236,toggleChartContent
FN:258,(anonymous_24)
FN:280,(anonymous_25)
FN:286,togglePieContent
FN:292,(anonymous_27)
FN:315,(anonymous_28)
FN:318,(anonymous_29)
FNF:30
FNH:0
FNDA:0,(anonymous_0)
FNDA:0,(anonymous_1)
FNDA:0,LiveChartComp
FNDA:0,(anonymous_3)
FNDA:0,(anonymous_4)
FNDA:0,SocketHandler
FNDA:0,(anonymous_6)
FNDA:0,(anonymous_7)
FNDA:0,(anonymous_8)
FNDA:0,(anonymous_9)
FNDA:0,(anonymous_10)
FNDA:0,(anonymous_11)
FNDA:0,showChart
FNDA:0,(anonymous_13)
FNDA:0,(anonymous_14)
FNDA:0,(anonymous_15)
FNDA:0,(anonymous_16)
FNDA:0,(anonymous_17)
FNDA:0,showPie
FNDA:0,(anonymous_19)
FNDA:0,(anonymous_20)
FNDA:0,(anonymous_21)
FNDA:0,(anonymous_22)
FNDA:0,toggleChartContent
FNDA:0,(anonymous_24)
FNDA:0,(anonymous_25)
FNDA:0,togglePieContent
FNDA:0,(anonymous_27)
FNDA:0,(anonymous_28)
FNDA:0,(anonymous_29)
DA:17,1
DA:18,0
DA:23,1
DA:30,0
DA:31,0
DA:32,0
DA:33,0
DA:34,0
DA:35,0
DA:41,0
DA:42,0
DA:48,0
DA:50,0
DA:52,0
DA:53,0
DA:54,0
DA:55,0
DA:56,0
DA:57,0
DA:58,0
DA:62,0
DA:64,0
DA:65,0
DA:70,0
DA:71,0
DA:72,0
DA:73,0
DA:74,0
DA:77,0
DA:78,0
DA:79,0
DA:82,0
DA:84,0
DA:85,0
DA:86,0
DA:87,0
DA:88,0
DA:91,0
DA:94,0
DA:95,0
DA:97,0
DA:98,0
DA:99,0
DA:106,0
DA:113,0
DA:115,0
DA:116,0
DA:117,0
DA:118,0
DA:123,0
DA:124,0
DA:125,0
DA:127,0
DA:129,0
DA:130,0
DA:131,0
DA:132,0
DA:133,0
DA:134,0
DA:135,0
DA:137,0
DA:139,0
DA:140,0
DA:143,0
DA:149,0
DA:150,0
DA:163,0
DA:164,0
DA:165,0
DA:166,0
DA:167,0
DA:168,0
DA:169,0
DA:171,0
DA:172,0
DA:173,0
DA:176,0
DA:179,0
DA:180,0
DA:182,0
DA:194,0
DA:195,0
DA:197,0
DA:198,0
DA:200,0
DA:201,0
DA:202,0
DA:206,0
DA:207,0
DA:208,0
DA:209,0
DA:210,0
DA:211,0
DA:213,0
DA:238,0
DA:239,0
DA:246,0
DA:248,0
DA:259,0
DA:260,0
DA:261,0
DA:263,0
DA:264,0
DA:265,0
DA:267,0
DA:271,0
DA:280,0
DA:288,0
DA:289,0
DA:292,0
DA:299,0
DA:300,0
DA:303,0
DA:304,0
DA:313,0
DA:316,0
DA:319,0
LF:117
LH:2
BRDA:62,0,0,0
BRDA:62,0,1,0
BRDA:62,1,0,0
BRDA:62,1,1,0
BRDA:70,2,0,0
BRDA:70,2,1,0
BRDA:123,3,0,0
BRDA:123,3,1,0
BRDA:123,4,0,0
BRDA:123,4,1,0
BRDA:127,5,0,0
BRDA:127,5,1,0
BRDA:127,6,0,0
BRDA:127,6,1,0
BRDA:137,7,0,0
BRDA:137,7,1,0
BRDA:137,8,0,0
BRDA:137,8,1,0
BRDA:149,9,0,0
BRDA:149,9,1,0
BRDA:168,10,0,0
BRDA:168,10,1,0
BRDA:168,11,0,0
BRDA:168,11,1,0
BRDA:169,12,0,0
BRDA:169,12,1,0
BRDA:171,13,0,0
BRDA:171,13,1,0
BRDA:172,14,0,0
BRDA:172,14,1,0
BRDA:173,15,0,0
BRDA:173,15,1,0
BRDA:173,16,0,0
BRDA:173,16,1,0
BRDA:176,17,0,0
BRDA:176,17,1,0
BRDA:194,18,0,0
BRDA:194,18,1,0
BRDA:197,19,0,0
BRDA:197,19,1,0
BRDA:197,20,0,0
BRDA:197,20,1,0
BRDA:198,21,0,0
BRDA:198,21,1,0
BRDA:200,22,0,0
BRDA:200,22,1,0
BRDA:201,23,0,0
BRDA:201,23,1,0
BRDA:202,24,0,0
BRDA:202,24,1,0
BRDA:202,25,0,0
BRDA:202,25,1,0
BRDA:238,26,0,0
BRDA:238,26,1,0
BRDA:263,27,0,0
BRDA:263,27,1,0
BRDA:263,28,0,0
BRDA:263,28,1,0
BRDA:264,29,0,0
BRDA:264,29,1,0
BRDA:265,30,0,0
BRDA:265,30,1,0
BRDA:267,31,0,0
BRDA:267,31,1,0
BRDA:268,32,0,0
BRDA:268,32,1,0
BRDA:268,33,0,0
BRDA:268,33,1,0
BRDA:269,34,0,0
BRDA:269,34,1,0
BRDA:288,35,0,0
BRDA:288,35,1,0
BRDA:288,36,0,0
BRDA:288,36,1,0
BRDA:299,37,0,0
BRDA:299,37,1,0
BRDA:299,38,0,0
BRDA:299,38,1,0
BRDA:303,39,0,0
BRDA:303,39,1,0
BRF:80
BRH:0
end_of_record
TN:
SF:src\components\paramIcon.tsx
FN:19,(anonymous_0)
FNF:1
FNH:0
FNDA:0,(anonymous_0)
DA:1,1
DA:19,1
DA:21,0
DA:22,0
DA:28,0
LF:5
LH:2
BRDA:21,0,0,0
BRDA:21,0,1,0
BRF:2
BRH:0
end_of_record
TN:
SF:src\components\predictionChartComp.tsx
FN:15,PredictChartComp
FN:35,fetchData
FN:57,handleAPI
FN:76,(anonymous_3)
FN:77,(anonymous_4)
FN:78,(anonymous_5)
FN:94,showChart
FN:114,(anonymous_7)
FN:119,(anonymous_8)
FN:136,showPie
FN:143,(anonymous_10)
FN:150,(anonymous_11)
FN:153,(anonymous_12)
FN:154,(anonymous_13)
FN:182,toggleLoader
FN:193,openModal
FN:200,toggleChartContent
FN:226,(anonymous_17)
FN:245,(anonymous_18)
FN:255,togglePieContent
FN:261,(anonymous_20)
FN:290,(anonymous_21)
FN:296,(anonymous_22)
FN:315,(anonymous_23)
FNF:24
FNH:0
FNDA:0,PredictChartComp
FNDA:0,fetchData
FNDA:0,handleAPI
FNDA:0,(anonymous_3)
FNDA:0,(anonymous_4)
FNDA:0,(anonymous_5)
FNDA:0,showChart
FNDA:0,(anonymous_7)
FNDA:0,(anonymous_8)
FNDA:0,showPie
FNDA:0,(anonymous_10)
FNDA:0,(anonymous_11)
FNDA:0,(anonymous_12)
FNDA:0,(anonymous_13)
FNDA:0,toggleLoader
FNDA:0,openModal
FNDA:0,toggleChartContent
FNDA:0,(anonymous_17)
FNDA:0,(anonymous_18)
FNDA:0,togglePieContent
FNDA:0,(anonymous_20)
FNDA:0,(anonymous_21)
FNDA:0,(anonymous_22)
FNDA:0,(anonymous_23)
DA:16,0
DA:17,0
DA:18,0
DA:20,0
DA:21,0
DA:22,0
DA:23,0
DA:26,0
DA:27,0
DA:28,0
DA:29,0
DA:30,0
DA:31,0
DA:32,0
DA:33,0
DA:37,0
DA:39,0
DA:41,0
DA:42,0
DA:44,0
DA:45,0
DA:46,0
DA:48,0
DA:49,0
DA:50,0
DA:52,0
DA:59,0
DA:61,0
DA:63,0
DA:65,0
DA:73,0
DA:74,0
DA:75,0
DA:76,0
DA:77,0
DA:78,0
DA:80,0
DA:83,0
DA:84,0
DA:86,0
DA:90,0
DA:96,0
DA:97,0
DA:109,0
DA:110,0
DA:111,0
DA:112,0
DA:113,0
DA:115,0
DA:116,0
DA:117,0
DA:120,0
DA:123,0
DA:124,0
DA:126,0
DA:138,0
DA:139,0
DA:141,0
DA:142,0
DA:144,0
DA:145,0
DA:146,0
DA:149,0
DA:150,0
DA:151,0
DA:152,0
DA:153,0
DA:154,0
DA:155,0
DA:157,0
DA:184,0
DA:185,0
DA:194,0
DA:196,0
DA:202,0
DA:203,0
DA:208,0
DA:209,0
DA:220,0
DA:221,0
DA:226,0
DA:246,0
DA:257,0
DA:258,0
DA:261,0
DA:267,0
DA:268,0
DA:271,0
DA:272,0
DA:281,0
DA:291,0
DA:296,0
DA:315,0
LF:93
LH:0
BRDA:37,0,0,0
BRDA:37,0,1,0
BRDA:59,1,0,0
BRDA:59,1,1,0
BRDA:96,2,0,0
BRDA:96,2,1,0
BRDA:96,3,0,0
BRDA:96,3,1,0
BRDA:112,4,0,0
BRDA:112,4,1,0
BRDA:112,5,0,0
BRDA:112,5,1,0
BRDA:113,6,0,0
BRDA:113,6,1,0
BRDA:115,7,0,0
BRDA:115,7,1,0
BRDA:116,8,0,0
BRDA:116,8,1,0
BRDA:117,9,0,0
BRDA:117,9,1,0
BRDA:117,10,0,0
BRDA:117,10,1,0
BRDA:120,11,0,0
BRDA:120,11,1,0
BRDA:138,12,0,0
BRDA:138,12,1,0
BRDA:138,13,0,0
BRDA:138,13,1,0
BRDA:141,14,0,0
BRDA:141,14,1,0
BRDA:141,15,0,0
BRDA:141,15,1,0
BRDA:142,16,0,0
BRDA:142,16,1,0
BRDA:144,17,0,0
BRDA:144,17,1,0
BRDA:145,18,0,0
BRDA:145,18,1,0
BRDA:146,19,0,0
BRDA:146,19,1,0
BRDA:146,20,0,0
BRDA:146,20,1,0
BRDA:184,21,0,0
BRDA:184,21,1,0
BRDA:194,22,0,0
BRDA:194,22,1,0
BRDA:202,23,0,0
BRDA:202,23,1,0
BRDA:202,24,0,0
BRDA:202,24,1,0
BRDA:208,25,0,0
BRDA:208,25,1,0
BRDA:208,26,0,0
BRDA:208,26,1,0
BRDA:257,27,0,0
BRDA:257,27,1,0
BRDA:257,28,0,0
BRDA:257,28,1,0
BRDA:257,28,2,0
BRDA:257,28,3,0
BRDA:267,29,0,0
BRDA:267,29,1,0
BRDA:267,30,0,0
BRDA:267,30,1,0
BRDA:271,31,0,0
BRDA:271,31,1,0
BRF:66
BRH:0
end_of_record
TN:
SF:src\components\storage.tsx
FN:3,(anonymous_0)
FN:16,(anonymous_1)
FN:18,(anonymous_2)
FN:26,(anonymous_3)
FN:43,(anonymous_4)
FN:53,(anonymous_5)
FN:63,(anonymous_6)
FN:76,(anonymous_7)
FN:78,(anonymous_8)
FN:89,(anonymous_9)
FN:97,(anonymous_10)
FN:108,(anonymous_11)
FN:111,(anonymous_12)
FN:118,(anonymous_13)
FN:135,(anonymous_14)
FN:138,(anonymous_15)
FN:145,(anonymous_16)
FN:150,(anonymous_17)
FN:159,(anonymous_18)
FN:162,(anonymous_19)
FNF:20
FNH:1
FNDA:1,(anonymous_0)
FNDA:0,(anonymous_1)
FNDA:0,(anonymous_2)
FNDA:0,(anonymous_3)
FNDA:0,(anonymous_4)
FNDA:0,(anonymous_5)
FNDA:0,(anonymous_6)
FNDA:0,(anonymous_7)
FNDA:0,(anonymous_8)
FNDA:0,(anonymous_9)
FNDA:0,(anonymous_10)
FNDA:0,(anonymous_11)
FNDA:0,(anonymous_12)
FNDA:0,(anonymous_13)
FNDA:0,(anonymous_14)
FNDA:0,(anonymous_15)
FNDA:0,(anonymous_16)
FNDA:0,(anonymous_17)
FNDA:0,(anonymous_18)
FNDA:0,(anonymous_19)
DA:3,1
DA:4,1
DA:5,1
DA:6,0
DA:7,0
DA:8,0
DA:9,0
DA:12,0
DA:16,1
DA:17,0
DA:18,0
DA:19,0
DA:26,1
DA:28,0
DA:29,0
DA:31,0
DA:32,0
DA:33,0
DA:34,0
DA:35,0
DA:36,0
DA:39,0
DA:43,1
DA:44,0
DA:45,0
DA:46,0
DA:47,0
DA:49,0
DA:53,1
DA:54,0
DA:55,0
DA:56,0
DA:57,0
DA:59,0
DA:63,1
DA:65,0
DA:69,0
DA:71,0
DA:77,0
DA:78,0
DA:79,0
DA:84,0
DA:90,0
DA:93,0
DA:97,1
DA:99,0
DA:101,0
DA:103,0
DA:109,0
DA:110,0
DA:112,0
DA:115,0
DA:118,1
DA:120,0
DA:121,0
DA:123,0
DA:124,0
DA:126,0
DA:128,0
DA:130,0
DA:136,0
DA:137,0
DA:139,0
DA:142,0
DA:145,1
DA:147,0
DA:148,0
DA:149,0
DA:150,0
DA:152,0
DA:154,0
DA:161,0
DA:163,0
DA:166,0
LF:74
LH:11
BRDA:4,0,0,1
BRDA:4,0,1,0
BRDA:4,1,0,1
BRDA:4,1,1,1
BRDA:6,2,0,0
BRDA:6,2,1,0
BRDA:8,3,0,0
BRDA:8,3,1,0
BRDA:31,4,0,0
BRDA:31,4,1,0
BRDA:31,5,0,0
BRDA:31,5,1,0
BRDA:33,6,0,0
BRDA:33,6,1,0
BRDA:35,7,0,0
BRDA:35,7,1,0
BRDA:44,8,0,0
BRDA:44,8,1,0
BRDA:44,9,0,0
BRDA:44,9,1,0
BRDA:46,10,0,0
BRDA:46,10,1,0
BRDA:54,11,0,0
BRDA:54,11,1,0
BRDA:54,12,0,0
BRDA:54,12,1,0
BRDA:56,13,0,0
BRDA:56,13,1,0
BRF:28
BRH:3
end_of_record
TN:
SF:src\components\userInfo.tsx
FN:5,UserComponent
FNF:1
FNH:0
FNDA:0,UserComponent
DA:7,0
DA:9,0
DA:10,0
DA:11,0
DA:12,0
DA:14,0
LF:6
LH:0
BRF:0
BRH:0
end_of_record
TN:
SF:src\components\PrivateRoutes\PrivateRouteConfig.ts
FN:8,(anonymous_0)
FNF:1
FNH:1
FNDA:1,(anonymous_0)
DA:8,1
DA:9,1
LF:2
LH:2
BRF:0
BRH:0
end_of_record
TN:
SF:src\components\PrivateRoutes\PrivateRoutes.tsx
FN:6,(anonymous_0)
FN:11,(anonymous_1)
FNF:2
FNH:0
FNDA:0,(anonymous_0)
FNDA:0,(anonymous_1)
DA:6,0
DA:7,0
DA:8,0
DA:12,0
DA:13,0
DA:25,0
LF:6
LH:0
BRF:0
BRH:0
end_of_record
TN:
SF:src\components\chartConfig\line.tsx
FN:8,(anonymous_0)
FN:15,(anonymous_1)
FN:26,(anonymous_2)
FN:46,(anonymous_3)
FN:72,(anonymous_4)
FN:75,(anonymous_5)
FN:92,(anonymous_6)
FN:95,(anonymous_7)
FNF:8
FNH:0
FNDA:0,(anonymous_0)
FNDA:0,(anonymous_1)
FNDA:0,(anonymous_2)
FNDA:0,(anonymous_3)
FNDA:0,(anonymous_4)
FNDA:0,(anonymous_5)
FNDA:0,(anonymous_6)
FNDA:0,(anonymous_7)
DA:4,1
DA:6,1
DA:8,1
DA:9,0
DA:15,0
DA:26,1
DA:28,0
DA:29,0
DA:31,0
DA:47,0
DA:49,0
DA:50,0
DA:51,0
DA:53,0
DA:54,0
DA:55,0
DA:56,0
DA:73,0
DA:76,0
DA:93,0
DA:96,0
DA:136,0
LF:22
LH:4
BRDA:15,0,0,0
BRDA:15,0,1,0
BRDA:15,1,0,0
BRDA:15,1,1,0
BRDA:28,2,0,0
BRDA:28,2,1,0
BRDA:29,3,0,0
BRDA:29,3,1,0
BRDA:47,4,0,0
BRDA:47,4,1,0
BRDA:49,5,0,0
BRDA:49,5,1,0
BRDA:50,6,0,0
BRDA:50,6,1,0
BRDA:53,7,0,0
BRDA:53,7,1,0
BRDA:54,8,0,0
BRDA:54,8,1,0
BRDA:55,9,0,0
BRDA:55,9,1,0
BRDA:55,10,0,0
BRDA:55,10,1,0
BRF:22
BRH:0
end_of_record
TN:
SF:src\components\chartConfig\pie.tsx
FN:5,(anonymous_0)
FN:27,(anonymous_1)
FNF:2
FNH:2
FNDA:1,(anonymous_0)
FNDA:1,(anonymous_1)
DA:3,1
DA:5,1
DA:6,1
DA:27,1
DA:28,1
LF:5
LH:5
BRF:0
BRH:0
end_of_record
TN:
SF:src\pages\AddRules.tsx
FN:14,AddRules
FN:31,(anonymous_1)
FN:39,(anonymous_2)
FN:49,(anonymous_3)
FN:67,(anonymous_4)
FN:70,(anonymous_5)
FN:73,(anonymous_6)
FN:76,(anonymous_7)
FN:82,(anonymous_8)
FN:87,(anonymous_9)
FN:91,(anonymous_10)
FN:151,(anonymous_11)
FNF:12
FNH:0
FNDA:0,AddRules
FNDA:0,(anonymous_1)
FNDA:0,(anonymous_2)
FNDA:0,(anonymous_3)
FNDA:0,(anonymous_4)
FNDA:0,(anonymous_5)
FNDA:0,(anonymous_6)
FNDA:0,(anonymous_7)
FNDA:0,(anonymous_8)
FNDA:0,(anonymous_9)
FNDA:0,(anonymous_10)
FNDA:0,(anonymous_11)
DA:16,0
DA:17,0
DA:19,0
DA:20,0
DA:24,0
DA:32,0
DA:33,0
DA:41,0
DA:44,0
DA:45,0
DA:46,0
DA:51,0
DA:52,0
DA:57,0
DA:58,0
DA:59,0
DA:60,0
DA:62,0
DA:68,0
DA:69,0
DA:70,0
DA:74,0
DA:75,0
DA:76,0
DA:83,0
DA:84,0
DA:86,0
DA:87,0
DA:92,0
DA:93,0
DA:151,0
LF:31
LH:0
BRDA:19,0,0,0
BRDA:19,0,1,0
BRDA:19,1,0,0
BRDA:19,1,1,0
BRDA:51,2,0,0
BRDA:51,2,1,0
BRDA:58,3,0,0
BRDA:58,3,1,0
BRDA:58,4,0,0
BRDA:58,4,1,0
BRDA:59,5,0,0
BRDA:59,5,1,0
BRDA:59,6,0,0
BRDA:59,6,1,0
BRDA:83,7,0,0
BRDA:83,7,1,0
BRF:16
BRH:0
end_of_record
TN:
SF:src\pages\ClientProfile.tsx
FN:14,(anonymous_0)
FN:20,(anonymous_1)
FNF:2
FNH:0
FNDA:0,(anonymous_0)
FNDA:0,(anonymous_1)
DA:15,0
DA:16,0
DA:21,0
LF:3
LH:0
BRF:0
BRH:0
end_of_record
TN:
SF:src\pages\Dashboard.tsx
FN:12,Dashboard
FN:28,(anonymous_1)
FN:41,(anonymous_2)
FN:57,(anonymous_3)
FN:66,(anonymous_4)
FN:76,(anonymous_5)
FN:81,(anonymous_6)
FN:94,(anonymous_7)
FN:105,(anonymous_8)
FN:128,(anonymous_9)
FN:138,(anonymous_10)
FN:143,(anonymous_11)
FN:156,(anonymous_12)
FNF:13
FNH:0
FNDA:0,Dashboard
FNDA:0,(anonymous_1)
FNDA:0,(anonymous_2)
FNDA:0,(anonymous_3)
FNDA:0,(anonymous_4)
FNDA:0,(anonymous_5)
FNDA:0,(anonymous_6)
FNDA:0,(anonymous_7)
FNDA:0,(anonymous_8)
FNDA:0,(anonymous_9)
FNDA:0,(anonymous_10)
FNDA:0,(anonymous_11)
FNDA:0,(anonymous_12)
DA:14,0
DA:15,0
DA:17,0
DA:18,0
DA:22,0
DA:29,0
DA:30,0
DA:38,0
DA:42,0
DA:59,0
DA:67,0
DA:68,0
DA:69,0
DA:78,0
DA:79,0
DA:81,0
DA:83,0
DA:84,0
DA:85,0
DA:86,0
DA:95,0
DA:96,0
DA:106,0
DA:107,0
DA:108,0
DA:109,0
DA:128,0
DA:138,0
DA:143,0
DA:156,0
LF:30
LH:0
BRDA:17,0,0,0
BRDA:17,0,1,0
BRDA:17,1,0,0
BRDA:17,1,1,0
BRDA:36,2,0,0
BRDA:36,2,1,0
BRDA:78,3,0,0
BRDA:78,3,1,0
BRDA:84,4,0,0
BRDA:84,4,1,0
BRDA:85,5,0,0
BRDA:85,5,1,0
BRF:12
BRH:0
end_of_record
TN:
SF:src\pages\FaultyData.tsx
FN:7,FaultyData
FN:21,ShowEachTable
FN:41,(anonymous_2)
FN:48,(anonymous_3)
FN:55,(anonymous_4)
FN:64,(anonymous_5)
FN:75,(anonymous_6)
FNF:7
FNH:0
FNDA:0,FaultyData
FNDA:0,ShowEachTable
FNDA:0,(anonymous_2)
FNDA:0,(anonymous_3)
FNDA:0,(anonymous_4)
FNDA:0,(anonymous_5)
FNDA:0,(anonymous_6)
DA:8,0
DA:9,0
DA:10,0
DA:12,0
DA:14,0
DA:16,0
DA:18,0
DA:23,0
DA:25,0
DA:42,0
DA:49,0
DA:55,0
DA:63,0
DA:64,0
DA:75,0
LF:15
LH:0
BRDA:12,0,0,0
BRDA:12,0,1,0
BRDA:16,1,0,0
BRDA:16,1,1,0
BRF:4
BRH:0
end_of_record
TN:
SF:src\pages\Home.tsx
FN:16,(anonymous_0)
FN:23,(anonymous_1)
FN:50,(anonymous_2)
FNF:3
FNH:0
FNDA:0,(anonymous_0)
FNDA:0,(anonymous_1)
FNDA:0,(anonymous_2)
DA:11,1
DA:12,1
DA:13,1
DA:17,0
DA:18,0
DA:24,0
DA:51,0
LF:7
LH:3
BRF:0
BRH:0
end_of_record
TN:
SF:src\pages\SelectAssets.tsx
FN:14,SelectAssets
FN:31,(anonymous_1)
FN:46,(anonymous_2)
FN:60,(anonymous_3)
FN:61,(anonymous_4)
FN:65,(anonymous_5)
FN:70,(anonymous_6)
FN:72,(anonymous_7)
FN:74,(anonymous_8)
FN:84,(anonymous_9)
FN:88,(anonymous_10)
FN:98,(anonymous_11)
FN:115,(anonymous_12)
FN:120,(anonymous_13)
FN:184,(anonymous_14)
FNF:15
FNH:0
FNDA:0,SelectAssets
FNDA:0,(anonymous_1)
FNDA:0,(anonymous_2)
FNDA:0,(anonymous_3)
FNDA:0,(anonymous_4)
FNDA:0,(anonymous_5)
FNDA:0,(anonymous_6)
FNDA:0,(anonymous_7)
FNDA:0,(anonymous_8)
FNDA:0,(anonymous_9)
FNDA:0,(anonymous_10)
FNDA:0,(anonymous_11)
FNDA:0,(anonymous_12)
FNDA:0,(anonymous_13)
FNDA:0,(anonymous_14)
DA:16,0
DA:17,0
DA:19,0
DA:20,0
DA:24,0
DA:32,0
DA:33,0
DA:48,0
DA:49,0
DA:51,0
DA:52,0
DA:58,0
DA:60,0
DA:61,0
DA:62,0
DA:66,0
DA:67,0
DA:72,0
DA:74,0
DA:75,0
DA:76,0
DA:77,0
DA:80,0
DA:84,0
DA:85,0
DA:90,0
DA:91,0
DA:92,0
DA:94,0
DA:95,0
DA:100,0
DA:101,0
DA:108,0
DA:115,0
DA:121,0
DA:122,0
DA:184,0
LF:37
LH:0
BRDA:19,0,0,0
BRDA:19,0,1,0
BRDA:19,1,0,0
BRDA:19,1,1,0
BRDA:75,2,0,0
BRDA:75,2,1,0
BRDA:100,3,0,0
BRDA:100,3,1,0
BRF:8
BRH:0
end_of_record
TN:
SF:src\pages\UpdateVariables.tsx
FN:14,UpdateVariables
FN:30,(anonymous_1)
FN:41,(anonymous_2)
FN:54,(anonymous_3)
FN:55,(anonymous_4)
FN:59,(anonymous_5)
FN:61,(anonymous_6)
FN:62,(anonymous_7)
FN:68,(anonymous_8)
FN:72,(anonymous_9)
FN:84,(anonymous_10)
FN:100,(anonymous_11)
FN:105,(anonymous_12)
FN:172,(anonymous_13)
FNF:14
FNH:0
FNDA:0,UpdateVariables
FNDA:0,(anonymous_1)
FNDA:0,(anonymous_2)
FNDA:0,(anonymous_3)
FNDA:0,(anonymous_4)
FNDA:0,(anonymous_5)
FNDA:0,(anonymous_6)
FNDA:0,(anonymous_7)
FNDA:0,(anonymous_8)
FNDA:0,(anonymous_9)
FNDA:0,(anonymous_10)
FNDA:0,(anonymous_11)
FNDA:0,(anonymous_12)
FNDA:0,(anonymous_13)
DA:16,0
DA:17,0
DA:19,0
DA:20,0
DA:24,0
DA:31,0
DA:32,0
DA:43,0
DA:44,0
DA:46,0
DA:47,0
DA:52,0
DA:54,0
DA:55,0
DA:56,0
DA:61,0
DA:62,0
DA:63,0
DA:65,0
DA:68,0
DA:69,0
DA:74,0
DA:75,0
DA:77,0
DA:78,0
DA:79,0
DA:80,0
DA:81,0
DA:86,0
DA:87,0
DA:94,0
DA:100,0
DA:106,0
DA:107,0
DA:172,0
LF:35
LH:0
BRDA:19,0,0,0
BRDA:19,0,1,0
BRDA:19,1,0,0
BRDA:19,1,1,0
BRDA:86,2,0,0
BRDA:86,2,1,0
BRF:6
BRH:0
end_of_record
TN:
SF:src\routes\index.tsx
FN:16,(anonymous_0)
FNF:1
FNH:0
FNDA:0,(anonymous_0)
DA:11,0
DA:16,0
DA:18,0
LF:3
LH:0
BRF:0
BRH:0
end_of_record
TN:
SF:src\stores\globalstore\GlobalStore.ts
FN:9,(anonymous_0)
FN:14,(anonymous_1)
FNF:2
FNH:0
FNDA:0,(anonymous_0)
FNDA:0,(anonymous_1)
DA:4,0
DA:7,0
DA:11,0
DA:16,0
LF:4
LH:0
BRF:0
BRH:0
end_of_record
